2017-03-15 15:34:16.985 INFO  [localhost-startStop-1] com.haulmont.cuba.core.sys.AppComponents - Using app components: [com.haulmont.cuba]
2017-03-15 15:34:17.209 INFO  [localhost-startStop-1] com.haulmont.cuba.core.sys.AppContextLoader - Loading app properties from classpath:cuba-app.properties
2017-03-15 15:34:17.211 INFO  [localhost-startStop-1] com.haulmont.cuba.core.sys.AppContextLoader - Loading app properties from classpath:com/company/assetmanagement/app.properties
2017-03-15 15:34:17.611 INFO  [localhost-startStop-1] com.haulmont.cuba.core.sys.AppContextLoader - DbmsType of the main database is set to hsql
2017-03-15 15:34:18.114 INFO  [localhost-startStop-1] com.haulmont.cuba.core.sys.persistence.PersistenceConfigProcessor - Creating file /home/elangovan/Asset_Management/build/tomcat/work/app-core/persistence.xml
2017-03-15 15:34:18.587 INFO  [localhost-startStop-1] com.haulmont.cuba.core.sys.CubaCoreApplicationContext - Refreshing com.haulmont.cuba.core.sys.CubaCoreApplicationContext@1274bfaf: startup date [Wed Mar 15 15:34:18 IST 2017]; root of context hierarchy
2017-03-15 15:34:35.659 INFO  [localhost-startStop-1] com.haulmont.chile.core.datatypes.Datatypes - Can't find /datatypes.xml, using default datatypes settings
2017-03-15 15:34:47.923 INFO  [localhost-startStop-1] com.haulmont.cuba.core.sys.CubaThreadPoolTaskScheduler - Initializing ExecutorService  'scheduler'
2017-03-15 15:34:48.671 INFO  [localhost-startStop-1] com.haulmont.cuba.core.sys.jmx.MBeanExporter - Registering beans for JMX exposure: [app-core.cuba:type=PersistenceManager, app-core.cuba:type=ConfigStorage, app-core.cuba:type=UserSessions, app-core.cuba:type=UniqueNumbers, app-core.cuba:type=Emailer, app-core.cuba:type=EntityLog, app-core.cuba:type=FileStorage, app-core.cuba:type=LockManager, app-core.cuba:type=CachingFacade, app-core.cuba:type=ClusterManager, app-core.cuba:type=ScriptingManager, app-core.cuba:type=ServerInfo, app-core.cuba:type=Scheduling, app-core.cuba:type=ObjectsCacheManager, app-core.cuba:type=PasswordEncryptionSupport, app-core.cuba:type=JmxNodeIdentifier, app-core.cuba:type=JmxLogControl, app-core.cuba:type=ClassLoaderManager, app-core.cuba:type=StatisticsCounter, app-core.cuba:type=BruteForceProtection, app-core.cuba:type=QueryCacheSupport, app-core.cuba:type=IdpSessions]
2017-03-15 15:34:50.113 DEBUG [localhost-startStop-1] com.haulmont.cuba.security.app.LoginWorkerBean - Initialize anonymous session
2017-03-15 15:34:50.120 INFO  [localhost-startStop-1] com.haulmont.cuba.core.app.ConfigStorage - Loading DB-stored app properties cache
2017-03-15 15:34:51.440 INFO  [localhost-startStop-1] com.haulmont.cuba.core.sys.MetadataImpl - Initializing metadata
2017-03-15 15:34:52.200 INFO  [localhost-startStop-1] com.haulmont.cuba.core.sys.MetadataImpl - Metadata initialized in 759ms
2017-03-15 15:34:56.670 INFO  [localhost-startStop-1] com.haulmont.cuba.core.sys.DefaultPermissionValuesConfig - Initializing default permission values
2017-03-15 15:34:57.096 INFO  [localhost-startStop-1] com.haulmont.cuba.security.app.LoginWorkerBean - Logged in: fcdd3533-7fdc-ae29-2af0-3689d5537c8c [anonymous]
2017-03-15 15:34:57.097 DEBUG [localhost-startStop-1] com.haulmont.cuba.security.app.LoginWorkerBean - Anonymous session initialized with id fcdd3533-7fdc-ae29-2af0-3689d5537c8c
2017-03-15 15:34:57.100 INFO  [localhost-startStop-1] com.haulmont.cuba.core.sys.AppContextLoader - AppContext initialized
2017-03-15 15:34:57.658 INFO  [localhost-startStop-1] com.haulmont.cuba.core.sys.remoting.RemotingServlet - FrameworkServlet 'remoting': initialization started
2017-03-15 15:34:57.738 INFO  [localhost-startStop-1] com.haulmont.cuba.core.sys.CubaDefaultXmlWebApplicationContext - Refreshing WebApplicationContext for namespace 'remoting-servlet': startup date [Wed Mar 15 15:34:57 IST 2017]; parent: com.haulmont.cuba.core.sys.CubaCoreApplicationContext@1274bfaf
2017-03-15 15:34:57.946 INFO  [localhost-startStop-1] com.haulmont.cuba.core.sys.remoting.RemoteServicesBeanCreator - Configuring remote services
2017-03-15 15:35:01.434 INFO  [localhost-startStop-1] com.haulmont.cuba.core.sys.remoting.RemotingServlet - FrameworkServlet 'remoting': initialization completed in 3757 ms
2017-03-15 15:35:03.305 INFO  [localhost-startStop-1] com.haulmont.cuba.core.sys.AppComponents - Using app components: [com.haulmont.cuba]
2017-03-15 15:35:03.397 INFO  [localhost-startStop-1] com.haulmont.cuba.web.sys.WebAppContextLoader - Loading app properties from classpath:cuba-web-app.properties
2017-03-15 15:35:03.478 INFO  [localhost-startStop-1] com.haulmont.cuba.web.sys.WebAppContextLoader - Loading app properties from classpath:com/company/assetmanagement/web-app.properties
2017-03-15 15:35:03.569 INFO  [localhost-startStop-1] com.haulmont.cuba.core.sys.CubaClassPathXmlApplicationContext - Refreshing com.haulmont.cuba.core.sys.CubaClassPathXmlApplicationContext@309ea1c7: startup date [Wed Mar 15 15:35:03 IST 2017]; root of context hierarchy
2017-03-15 15:35:08.828 INFO  [localhost-startStop-1] com.haulmont.cuba.web.sys.remoting.WebRemoteProxyBeanCreator - Configuring proxy beans for local service invocations: [cuba_LoginService, cuba_ServerInfoService, cuba_UserSettingService, cuba_UserManagementService, cuba_DataService, cuba_ConfigStorageService, cuba_PersistenceManagerService, cuba_LockService, cuba_UserSessionService, cuba_FoldersService, cuba_EmailService, cuba_FileStorageService, cuba_EntitySnapshotService, cuba_UniqueNumbersService, cuba_LocalizedMessageService, cuba_ResourceService, cuba_ScheduledTasksService, cuba_EntityLogService, cuba_TestingService, cuba_ObjectsCacheManagerService, cuba_DomainDescriptionService, cuba_RelatedEntitiesService, cuba_EntitySqlGenerationService, cuba_NumberIdService, cuba_QueryResultsService, cuba_DynamicAttributesCacheService, cuba_EntityRestoreService, cuba_LocalFileExchangeService, cuba_EntityImportExportService, cuba_ScreenProfilerService, cuba_ServerTokenStore, cuba_IdpService]
2017-03-15 15:35:10.857 INFO  [localhost-startStop-1] com.haulmont.chile.core.datatypes.Datatypes - Can't find /datatypes.xml, using default datatypes settings
2017-03-15 15:35:13.646 INFO  [localhost-startStop-1] com.haulmont.cuba.core.sys.CubaThreadPoolTaskScheduler - Initializing ExecutorService  'scheduler'
2017-03-15 15:35:14.873 INFO  [localhost-startStop-1] com.haulmont.cuba.core.sys.jmx.MBeanExporter - Registering beans for JMX exposure: [app.cuba:type=ConfigStorage, app.cuba:type=CachingFacade, app.cuba:type=FileUploading, app.cuba:type=JmxNodeIdentifier, app.cuba:type=JmxLogControl, app.cuba:type=ClassLoaderManager, app.cuba:type=StatisticsCounter]
2017-03-15 15:35:15.087 INFO  [localhost-startStop-1] com.haulmont.cuba.web.sys.WebAppContextLoader - AppContext initialized
2017-03-15 15:35:15.166 INFO  [localhost-startStop-1] com.haulmont.cuba.web.sys.CubaDispatcherServlet - FrameworkServlet 'dispatcher': initialization started
2017-03-15 15:35:15.221 INFO  [localhost-startStop-1] com.haulmont.cuba.core.sys.CubaXmlWebApplicationContext - Refreshing WebApplicationContext for namespace 'dispatcher-servlet': startup date [Wed Mar 15 15:35:15 IST 2017]; parent: com.haulmont.cuba.core.sys.CubaClassPathXmlApplicationContext@309ea1c7
2017-03-15 15:35:18.903 INFO  [localhost-startStop-1] com.haulmont.cuba.web.sys.CubaDispatcherServlet - FrameworkServlet 'dispatcher': initialization completed in 3727 ms
2017-03-15 15:35:18.906 INFO  [localhost-startStop-1] com.haulmont.restapi.sys.CubaRestApiServlet - FrameworkServlet 'rest_api': initialization started
2017-03-15 15:35:18.909 INFO  [localhost-startStop-1] com.haulmont.cuba.core.sys.CubaXmlWebApplicationContext - Refreshing WebApplicationContext for namespace 'rest_api-servlet': startup date [Wed Mar 15 15:35:18 IST 2017]; parent: com.haulmont.cuba.core.sys.CubaClassPathXmlApplicationContext@309ea1c7
2017-03-15 15:35:24.370 INFO  [localhost-startStop-1] com.haulmont.restapi.sys.CubaRestApiServlet - FrameworkServlet 'rest_api': initialization completed in 5464 ms
2017-03-15 15:35:27.648 DEBUG [http-nio-8080-exec-12] com.haulmont.cuba.gui.theme.ThemeConstantsRepository - Loading theme constants
2017-03-15 15:35:27.730 DEBUG [http-nio-8080-exec-12] com.haulmont.cuba.web.App - Initializing application
2017-03-15 15:35:28.390 DEBUG [http-nio-8080-exec-12/app/anonymous] com.haulmont.cuba.web.DefaultApp - connectionStateChanged connected: true, authenticated: false
2017-03-15 15:35:28.390 DEBUG [http-nio-8080-exec-12/app/anonymous] com.haulmont.cuba.web.App - Closing all windows
2017-03-15 15:35:28.453 INFO  [http-nio-8080-exec-12/app/anonymous] com.haulmont.cuba.core.sys.MetadataImpl - Initializing metadata
2017-03-15 15:35:29.172 INFO  [http-nio-8080-exec-12/app/anonymous] com.haulmont.cuba.core.sys.MetadataImpl - Metadata initialized in 716ms
2017-03-15 15:35:30.218 DEBUG [http-nio-8080-exec-12/app/anonymous] com.haulmont.cuba.web.AbstractConnection - Logged in: user=anonymous, ip=127.0.0.1, clientInfo=Web (localhost:8080/app) Mozilla/5.0 (X11; Linux x86_64) AppleWebKit/537.36 (KHTML, like Gecko) Chrome/56.0.2924.87 Safari/537.36
2017-03-15 15:35:50.678 INFO  [http-nio-8080-exec-14/app-core/anonymous] com.haulmont.cuba.security.app.LoginWorkerBean - Logged in: 2d615ee9-17e7-f145-7a0a-79eb56d4025b [admin]
2017-03-15 15:35:50.773 DEBUG [http-nio-8080-exec-14/app/admin] com.haulmont.cuba.web.DefaultApp - connectionStateChanged connected: true, authenticated: true
2017-03-15 15:35:50.774 DEBUG [http-nio-8080-exec-14/app/admin] com.haulmont.cuba.web.App - Closing all windows
2017-03-15 15:35:50.792 DEBUG [http-nio-8080-exec-14/app/admin] com.haulmont.cuba.web.DefaultApp - Session reinitialized: HttpSession=org.apache.catalina.session.StandardSessionFacade@1609b1f2, timeout=1800sec, UserSession=2d615ee9-17e7-f145-7a0a-79eb56d4025b [admin]
2017-03-15 15:35:51.794 INFO  [http-nio-8080-exec-14/app/admin] com.haulmont.cuba.client.sys.ViewRepositoryClientImpl - Initializing views
2017-03-15 15:35:51.803 DEBUG [http-nio-8080-exec-14/app/admin] com.haulmont.cuba.client.sys.ViewRepositoryClientImpl - Deploying views config: cuba-views.xml
2017-03-15 15:35:51.846 DEBUG [http-nio-8080-exec-14/app/admin] com.haulmont.cuba.client.sys.ViewRepositoryClientImpl - Deploying views config: com/company/assetmanagement/views.xml
2017-03-15 15:35:51.948 DEBUG [http-nio-8080-exec-14/app-core/admin] com.haulmont.cuba.core.app.StoreFactory - No implementation is specified for _MAIN_ store, using RdbmsStore
2017-03-15 15:35:52.269 DEBUG [http-nio-8080-exec-14/app-core/admin] com.haulmont.cuba.core.app.RdbmsStore - loadList: metaClass=sec$UserSubstitution, view=com.haulmont.cuba.security.entity.UserSubstitution/app, query=select us from sec$UserSubstitution us where us.user.id = :userId and (us.endDate is null or us.endDate >= :currentDate) and (us.startDate is null or us.startDate <= :currentDate) and (us.substitutedUser.active = true or us.substitutedUser.active is null) order by us.substitutedUser.name
2017-03-15 15:35:53.155 DEBUG [http-nio-8080-exec-14/app-core/admin] com.haulmont.cuba.core.app.FoldersServiceBean - Loading AppFolders
2017-03-15 15:35:53.349 DEBUG [http-nio-8080-exec-14/app-core/admin] com.haulmont.cuba.core.app.FoldersServiceBean - Loading SearchFolders
2017-03-15 15:35:53.744 DEBUG [http-nio-8080-exec-14/app/admin] com.haulmont.cuba.web.AbstractConnection - Logged in: user=admin, ip=127.0.0.1, clientInfo=Web (localhost:8080/app) Mozilla/5.0 (X11; Linux x86_64) AppleWebKit/537.36 (KHTML, like Gecko) Chrome/56.0.2924.87 Safari/537.36
2017-03-15 15:37:02.283 DEBUG [http-nio-8080-exec-35/app/admin] com.haulmont.cuba.web.App - Closing all windows
2017-03-15 15:37:02.284 DEBUG [http-nio-8080-exec-35/app-core/admin] com.haulmont.cuba.security.app.UserSessions - Removed session: 2d615ee9-17e7-f145-7a0a-79eb56d4025b [admin], since: Wed Mar 15 15:35:50 IST 2017, lastUsed: Wed Mar 15 15:35:50 IST 2017
2017-03-15 15:37:02.285 INFO  [http-nio-8080-exec-35/app-core/admin] com.haulmont.cuba.security.app.LoginWorkerBean - Logged out: 2d615ee9-17e7-f145-7a0a-79eb56d4025b [admin]
2017-03-15 15:37:02.286 DEBUG [http-nio-8080-exec-35] com.haulmont.cuba.web.DefaultApp - connectionStateChanged connected: false, authenticated: false
2017-03-15 15:37:02.287 DEBUG [http-nio-8080-exec-35] com.haulmont.cuba.web.App - Closing all windows
2017-03-15 15:37:02.308 DEBUG [http-nio-8080-exec-35/app/anonymous] com.haulmont.cuba.web.DefaultApp - connectionStateChanged connected: true, authenticated: false
2017-03-15 15:37:02.309 DEBUG [http-nio-8080-exec-35/app/anonymous] com.haulmont.cuba.web.App - Closing all windows
2017-03-15 15:37:02.417 DEBUG [http-nio-8080-exec-35/app/anonymous] com.haulmont.cuba.web.AbstractConnection - Logged in: user=anonymous, ip=127.0.0.1, clientInfo=Web (localhost:8080/app) Mozilla/5.0 (X11; Linux x86_64) AppleWebKit/537.36 (KHTML, like Gecko) Chrome/56.0.2924.87 Safari/537.36
2017-03-15 15:37:02.500 INFO  [ClientCacheManager-pool-3-thread-1] com.haulmont.cuba.security.app.LoginWorkerBean - Logged in: 33e13e1d-07e8-7570-35fa-4a54f6c05128 [admin]
2017-03-15 15:37:20.185 ERROR [ServerInfoTimer] com.haulmont.cuba.core.app.ServerInfo - Unable to update SYS_SERVER: {}
java.sql.SQLTransientConnectionException: java.net.ConnectException: Connection refused (Connection refused)
	at org.hsqldb.jdbc.Util.sqlException(Unknown Source) ~[hsqldb-2.2.9.jar:2.2.9]
	at org.hsqldb.jdbc.Util.sqlException(Unknown Source) ~[hsqldb-2.2.9.jar:2.2.9]
	at org.hsqldb.jdbc.JDBCConnection.<init>(Unknown Source) ~[hsqldb-2.2.9.jar:2.2.9]
	at org.hsqldb.jdbc.JDBCDriver.getConnection(Unknown Source) ~[hsqldb-2.2.9.jar:2.2.9]
	at org.hsqldb.jdbc.JDBCDriver.connect(Unknown Source) ~[hsqldb-2.2.9.jar:2.2.9]
	at org.apache.tomcat.dbcp.dbcp2.DriverConnectionFactory.createConnection(DriverConnectionFactory.java:38) ~[tomcat-dbcp.jar:8.0.35]
	at org.apache.tomcat.dbcp.dbcp2.PoolableConnectionFactory.makeObject(PoolableConnectionFactory.java:255) ~[tomcat-dbcp.jar:8.0.35]
	at org.apache.tomcat.dbcp.pool2.impl.GenericObjectPool.create(GenericObjectPool.java:867) ~[tomcat-dbcp.jar:8.0.35]
	at org.apache.tomcat.dbcp.pool2.impl.GenericObjectPool.borrowObject(GenericObjectPool.java:432) ~[tomcat-dbcp.jar:8.0.35]
	at org.apache.tomcat.dbcp.pool2.impl.GenericObjectPool.borrowObject(GenericObjectPool.java:360) ~[tomcat-dbcp.jar:8.0.35]
	at org.apache.tomcat.dbcp.dbcp2.PoolingDataSource.getConnection(PoolingDataSource.java:133) ~[tomcat-dbcp.jar:8.0.35]
	at org.apache.tomcat.dbcp.dbcp2.BasicDataSource.getConnection(BasicDataSource.java:1532) ~[tomcat-dbcp.jar:8.0.35]
	at com.haulmont.bali.db.QueryRunner.prepareConnection(QueryRunner.java:258) ~[cuba-global-6.3.5.jar:6.3.5]
	at com.haulmont.bali.db.QueryRunner.update(QueryRunner.java:627) ~[cuba-global-6.3.5.jar:6.3.5]
	at com.haulmont.cuba.core.app.ServerInfo.updateCurrentServer(ServerInfo.java:177) ~[cuba-core-6.3.5.jar:6.3.5]
	at com.haulmont.cuba.core.app.ServerInfo$1.run(ServerInfo.java:129) [cuba-core-6.3.5.jar:6.3.5]
	at java.util.TimerThread.mainLoop(Timer.java:555) [na:1.8.0_121]
	at java.util.TimerThread.run(Timer.java:505) [na:1.8.0_121]
Caused by: org.hsqldb.HsqlException: java.net.ConnectException: Connection refused (Connection refused)
	at org.hsqldb.ClientConnection.openConnection(Unknown Source) ~[hsqldb-2.2.9.jar:2.2.9]
	at org.hsqldb.ClientConnection.initConnection(Unknown Source) ~[hsqldb-2.2.9.jar:2.2.9]
	at org.hsqldb.ClientConnection.<init>(Unknown Source) ~[hsqldb-2.2.9.jar:2.2.9]
	... 16 common frames omitted
Caused by: java.net.ConnectException: Connection refused (Connection refused)
	at java.net.PlainSocketImpl.socketConnect(Native Method) ~[na:1.8.0_121]
	at java.net.AbstractPlainSocketImpl.doConnect(AbstractPlainSocketImpl.java:350) ~[na:1.8.0_121]
	at java.net.AbstractPlainSocketImpl.connectToAddress(AbstractPlainSocketImpl.java:206) ~[na:1.8.0_121]
	at java.net.AbstractPlainSocketImpl.connect(AbstractPlainSocketImpl.java:188) ~[na:1.8.0_121]
	at java.net.SocksSocketImpl.connect(SocksSocketImpl.java:392) ~[na:1.8.0_121]
	at java.net.Socket.connect(Socket.java:589) ~[na:1.8.0_121]
	at java.net.Socket.connect(Socket.java:538) ~[na:1.8.0_121]
	at java.net.Socket.<init>(Socket.java:434) ~[na:1.8.0_121]
	at java.net.Socket.<init>(Socket.java:211) ~[na:1.8.0_121]
	at org.hsqldb.server.HsqlSocketFactory.createSocket(Unknown Source) ~[hsqldb-2.2.9.jar:2.2.9]
	... 19 common frames omitted
2017-03-15 15:37:30.761 INFO  [localhost-startStop-2] com.haulmont.cuba.core.sys.CubaXmlWebApplicationContext - Closing WebApplicationContext for namespace 'rest_api-servlet': startup date [Wed Mar 15 15:35:18 IST 2017]; parent: com.haulmont.cuba.core.sys.CubaClassPathXmlApplicationContext@309ea1c7
2017-03-15 15:37:31.311 INFO  [localhost-startStop-2] com.haulmont.cuba.core.sys.CubaXmlWebApplicationContext - Closing WebApplicationContext for namespace 'dispatcher-servlet': startup date [Wed Mar 15 15:35:15 IST 2017]; parent: com.haulmont.cuba.core.sys.CubaClassPathXmlApplicationContext@309ea1c7
2017-03-15 15:37:31.342 INFO  [localhost-startStop-2] com.haulmont.cuba.core.sys.CubaClassPathXmlApplicationContext - Closing com.haulmont.cuba.core.sys.CubaClassPathXmlApplicationContext@309ea1c7: startup date [Wed Mar 15 15:35:03 IST 2017]; root of context hierarchy
2017-03-15 15:37:31.347 INFO  [localhost-startStop-2] com.haulmont.cuba.core.sys.CubaThreadPoolTaskScheduler - Shutting down ExecutorService 'scheduler'
