2017-03-17 15:57:44.625 INFO  [localhost-startStop-1] com.haulmont.cuba.core.sys.AppComponents - Using app components: [com.haulmont.cuba]
2017-03-17 15:57:44.740 INFO  [localhost-startStop-1] com.haulmont.cuba.core.sys.AppContextLoader - Loading app properties from classpath:cuba-app.properties
2017-03-17 15:57:44.743 INFO  [localhost-startStop-1] com.haulmont.cuba.core.sys.AppContextLoader - Loading app properties from classpath:com/company/assetmanagement/app.properties
2017-03-17 15:57:45.136 INFO  [localhost-startStop-1] com.haulmont.cuba.core.sys.AppContextLoader - DbmsType of the main database is set to hsql
2017-03-17 15:57:45.591 INFO  [localhost-startStop-1] com.haulmont.cuba.core.sys.persistence.PersistenceConfigProcessor - Creating file /home/elangovan/Untitled Folder/build/tomcat/work/app-core/persistence.xml
2017-03-17 15:57:46.056 INFO  [localhost-startStop-1] com.haulmont.cuba.core.sys.CubaCoreApplicationContext - Refreshing com.haulmont.cuba.core.sys.CubaCoreApplicationContext@4407a46c: startup date [Fri Mar 17 15:57:46 IST 2017]; root of context hierarchy
2017-03-17 15:57:58.937 INFO  [localhost-startStop-1] com.haulmont.chile.core.datatypes.Datatypes - Can't find /datatypes.xml, using default datatypes settings
2017-03-17 15:58:08.661 INFO  [localhost-startStop-1] com.haulmont.cuba.core.sys.CubaThreadPoolTaskScheduler - Initializing ExecutorService  'scheduler'
2017-03-17 15:58:09.316 INFO  [localhost-startStop-1] com.haulmont.cuba.core.sys.jmx.MBeanExporter - Registering beans for JMX exposure: [app-core.cuba:type=PersistenceManager, app-core.cuba:type=ConfigStorage, app-core.cuba:type=UserSessions, app-core.cuba:type=UniqueNumbers, app-core.cuba:type=Emailer, app-core.cuba:type=EntityLog, app-core.cuba:type=FileStorage, app-core.cuba:type=LockManager, app-core.cuba:type=CachingFacade, app-core.cuba:type=ClusterManager, app-core.cuba:type=ScriptingManager, app-core.cuba:type=ServerInfo, app-core.cuba:type=Scheduling, app-core.cuba:type=ObjectsCacheManager, app-core.cuba:type=PasswordEncryptionSupport, app-core.cuba:type=JmxNodeIdentifier, app-core.cuba:type=JmxLogControl, app-core.cuba:type=ClassLoaderManager, app-core.cuba:type=StatisticsCounter, app-core.cuba:type=BruteForceProtection, app-core.cuba:type=QueryCacheSupport, app-core.cuba:type=IdpSessions]
2017-03-17 15:58:10.251 DEBUG [localhost-startStop-1] com.haulmont.cuba.security.app.LoginWorkerBean - Initialize anonymous session
2017-03-17 15:58:10.255 INFO  [localhost-startStop-1] com.haulmont.cuba.core.app.ConfigStorage - Loading DB-stored app properties cache
2017-03-17 15:58:11.280 INFO  [localhost-startStop-1] com.haulmont.cuba.core.sys.MetadataImpl - Initializing metadata
2017-03-17 15:58:11.656 INFO  [localhost-startStop-1] com.haulmont.cuba.core.sys.MetadataImpl - Metadata initialized in 376ms
2017-03-17 15:58:13.797 INFO  [localhost-startStop-1] com.haulmont.cuba.core.sys.DefaultPermissionValuesConfig - Initializing default permission values
2017-03-17 15:58:14.104 INFO  [localhost-startStop-1] com.haulmont.cuba.security.app.LoginWorkerBean - Logged in: fcdd3533-7fdc-ae29-2af0-3689d5537c8c [anonymous]
2017-03-17 15:58:14.105 DEBUG [localhost-startStop-1] com.haulmont.cuba.security.app.LoginWorkerBean - Anonymous session initialized with id fcdd3533-7fdc-ae29-2af0-3689d5537c8c
2017-03-17 15:58:14.105 INFO  [localhost-startStop-1] com.haulmont.cuba.core.sys.AppContextLoader - AppContext initialized
2017-03-17 15:58:14.321 INFO  [localhost-startStop-1] com.haulmont.cuba.core.sys.remoting.RemotingServlet - FrameworkServlet 'remoting': initialization started
2017-03-17 15:58:14.347 INFO  [localhost-startStop-1] com.haulmont.cuba.core.sys.CubaDefaultXmlWebApplicationContext - Refreshing WebApplicationContext for namespace 'remoting-servlet': startup date [Fri Mar 17 15:58:14 IST 2017]; parent: com.haulmont.cuba.core.sys.CubaCoreApplicationContext@4407a46c
2017-03-17 15:58:14.530 INFO  [localhost-startStop-1] com.haulmont.cuba.core.sys.remoting.RemoteServicesBeanCreator - Configuring remote services
2017-03-17 15:58:16.419 INFO  [localhost-startStop-1] com.haulmont.cuba.core.sys.remoting.RemotingServlet - FrameworkServlet 'remoting': initialization completed in 2097 ms
2017-03-17 15:58:17.347 INFO  [localhost-startStop-1] com.haulmont.cuba.core.sys.AppComponents - Using app components: [com.haulmont.cuba]
2017-03-17 15:58:17.368 INFO  [localhost-startStop-1] com.haulmont.cuba.web.sys.WebAppContextLoader - Loading app properties from classpath:cuba-web-app.properties
2017-03-17 15:58:17.378 INFO  [localhost-startStop-1] com.haulmont.cuba.web.sys.WebAppContextLoader - Loading app properties from classpath:com/company/assetmanagement/web-app.properties
2017-03-17 15:58:17.416 INFO  [localhost-startStop-1] com.haulmont.cuba.core.sys.CubaClassPathXmlApplicationContext - Refreshing com.haulmont.cuba.core.sys.CubaClassPathXmlApplicationContext@114b10c: startup date [Fri Mar 17 15:58:17 IST 2017]; root of context hierarchy
2017-03-17 15:58:20.737 INFO  [localhost-startStop-1] com.haulmont.cuba.web.sys.remoting.WebRemoteProxyBeanCreator - Configuring proxy beans for local service invocations: [cuba_LoginService, cuba_ServerInfoService, cuba_UserSettingService, cuba_UserManagementService, cuba_DataService, cuba_ConfigStorageService, cuba_PersistenceManagerService, cuba_LockService, cuba_UserSessionService, cuba_FoldersService, cuba_EmailService, cuba_FileStorageService, cuba_EntitySnapshotService, cuba_UniqueNumbersService, cuba_LocalizedMessageService, cuba_ResourceService, cuba_ScheduledTasksService, cuba_EntityLogService, cuba_TestingService, cuba_ObjectsCacheManagerService, cuba_DomainDescriptionService, cuba_RelatedEntitiesService, cuba_EntitySqlGenerationService, cuba_NumberIdService, cuba_QueryResultsService, cuba_DynamicAttributesCacheService, cuba_EntityRestoreService, cuba_LocalFileExchangeService, cuba_EntityImportExportService, cuba_ScreenProfilerService, cuba_ServerTokenStore, cuba_IdpService]
2017-03-17 15:58:21.605 INFO  [localhost-startStop-1] com.haulmont.chile.core.datatypes.Datatypes - Can't find /datatypes.xml, using default datatypes settings
2017-03-17 15:58:23.635 INFO  [localhost-startStop-1] com.haulmont.cuba.core.sys.CubaThreadPoolTaskScheduler - Initializing ExecutorService  'scheduler'
2017-03-17 15:58:24.306 INFO  [localhost-startStop-1] com.haulmont.cuba.core.sys.jmx.MBeanExporter - Registering beans for JMX exposure: [app.cuba:type=ConfigStorage, app.cuba:type=CachingFacade, app.cuba:type=FileUploading, app.cuba:type=JmxNodeIdentifier, app.cuba:type=JmxLogControl, app.cuba:type=ClassLoaderManager, app.cuba:type=StatisticsCounter]
2017-03-17 15:58:24.365 INFO  [localhost-startStop-1] com.haulmont.cuba.web.sys.WebAppContextLoader - AppContext initialized
2017-03-17 15:58:24.421 INFO  [localhost-startStop-1] com.haulmont.cuba.web.sys.CubaDispatcherServlet - FrameworkServlet 'dispatcher': initialization started
2017-03-17 15:58:24.426 INFO  [localhost-startStop-1] com.haulmont.cuba.core.sys.CubaXmlWebApplicationContext - Refreshing WebApplicationContext for namespace 'dispatcher-servlet': startup date [Fri Mar 17 15:58:24 IST 2017]; parent: com.haulmont.cuba.core.sys.CubaClassPathXmlApplicationContext@114b10c
2017-03-17 15:58:26.887 INFO  [localhost-startStop-1] com.haulmont.cuba.web.sys.CubaDispatcherServlet - FrameworkServlet 'dispatcher': initialization completed in 2466 ms
2017-03-17 15:58:26.892 INFO  [localhost-startStop-1] com.haulmont.restapi.sys.CubaRestApiServlet - FrameworkServlet 'rest_api': initialization started
2017-03-17 15:58:26.894 INFO  [localhost-startStop-1] com.haulmont.cuba.core.sys.CubaXmlWebApplicationContext - Refreshing WebApplicationContext for namespace 'rest_api-servlet': startup date [Fri Mar 17 15:58:26 IST 2017]; parent: com.haulmont.cuba.core.sys.CubaClassPathXmlApplicationContext@114b10c
2017-03-17 15:58:30.707 INFO  [localhost-startStop-1] com.haulmont.restapi.sys.CubaRestApiServlet - FrameworkServlet 'rest_api': initialization completed in 3814 ms
2017-03-17 15:58:32.873 DEBUG [http-nio-8080-exec-9] com.haulmont.cuba.gui.theme.ThemeConstantsRepository - Loading theme constants
2017-03-17 15:58:32.914 DEBUG [http-nio-8080-exec-9] com.haulmont.cuba.web.App - Initializing application
2017-03-17 15:58:33.629 DEBUG [http-nio-8080-exec-9/app/anonymous] com.haulmont.cuba.web.DefaultApp - connectionStateChanged connected: true, authenticated: false
2017-03-17 15:58:33.630 DEBUG [http-nio-8080-exec-9/app/anonymous] com.haulmont.cuba.web.App - Closing all windows
2017-03-17 15:58:33.703 INFO  [http-nio-8080-exec-9/app/anonymous] com.haulmont.cuba.core.sys.MetadataImpl - Initializing metadata
2017-03-17 15:58:34.715 INFO  [http-nio-8080-exec-9/app/anonymous] com.haulmont.cuba.core.sys.MetadataImpl - Metadata initialized in 1008ms
2017-03-17 15:58:35.590 DEBUG [http-nio-8080-exec-9/app/anonymous] com.haulmont.cuba.web.AbstractConnection - Logged in: user=anonymous, ip=127.0.0.1, clientInfo=Web (localhost:8080/app) Mozilla/5.0 (X11; Linux x86_64) AppleWebKit/537.36 (KHTML, like Gecko) Chrome/56.0.2924.87 Safari/537.36
2017-03-17 15:58:40.466 INFO  [http-nio-8080-exec-24/app-core/anonymous] com.haulmont.cuba.security.app.LoginWorkerBean - Logged in: e68364f9-bd21-6b2b-90fd-cb9aaf82df19 [admin]
2017-03-17 15:58:40.513 DEBUG [http-nio-8080-exec-24/app/admin] com.haulmont.cuba.web.DefaultApp - connectionStateChanged connected: true, authenticated: true
2017-03-17 15:58:40.515 DEBUG [http-nio-8080-exec-24/app/admin] com.haulmont.cuba.web.App - Closing all windows
2017-03-17 15:58:40.530 DEBUG [http-nio-8080-exec-24/app/admin] com.haulmont.cuba.web.DefaultApp - Session reinitialized: HttpSession=org.apache.catalina.session.StandardSessionFacade@1b39c27e, timeout=1800sec, UserSession=e68364f9-bd21-6b2b-90fd-cb9aaf82df19 [admin]
2017-03-17 15:58:41.033 INFO  [http-nio-8080-exec-24/app/admin] com.haulmont.cuba.client.sys.ViewRepositoryClientImpl - Initializing views
2017-03-17 15:58:41.038 DEBUG [http-nio-8080-exec-24/app/admin] com.haulmont.cuba.client.sys.ViewRepositoryClientImpl - Deploying views config: cuba-views.xml
2017-03-17 15:58:41.121 DEBUG [http-nio-8080-exec-24/app/admin] com.haulmont.cuba.client.sys.ViewRepositoryClientImpl - Deploying views config: com/company/assetmanagement/views.xml
2017-03-17 15:58:41.248 DEBUG [http-nio-8080-exec-24/app-core/admin] com.haulmont.cuba.core.app.StoreFactory - No implementation is specified for _MAIN_ store, using RdbmsStore
2017-03-17 15:58:41.430 DEBUG [http-nio-8080-exec-24/app-core/admin] com.haulmont.cuba.core.app.RdbmsStore - loadList: metaClass=sec$UserSubstitution, view=com.haulmont.cuba.security.entity.UserSubstitution/app, query=select us from sec$UserSubstitution us where us.user.id = :userId and (us.endDate is null or us.endDate >= :currentDate) and (us.startDate is null or us.startDate <= :currentDate) and (us.substitutedUser.active = true or us.substitutedUser.active is null) order by us.substitutedUser.name
2017-03-17 15:58:41.939 DEBUG [http-nio-8080-exec-24/app-core/admin] com.haulmont.cuba.core.app.FoldersServiceBean - Loading AppFolders
2017-03-17 15:58:42.088 DEBUG [http-nio-8080-exec-24/app-core/admin] com.haulmont.cuba.core.app.FoldersServiceBean - Loading SearchFolders
2017-03-17 15:58:42.334 DEBUG [http-nio-8080-exec-24/app/admin] com.haulmont.cuba.web.AbstractConnection - Logged in: user=admin, ip=127.0.0.1, clientInfo=Web (localhost:8080/app) Mozilla/5.0 (X11; Linux x86_64) AppleWebKit/537.36 (KHTML, like Gecko) Chrome/56.0.2924.87 Safari/537.36
2017-03-17 15:58:54.239 INFO  [http-nio-8080-exec-12/app-core/admin] com.haulmont.cuba.core.app.PersistenceManager - Loading statistics cache
2017-03-17 15:58:54.406 INFO  [http-nio-8080-exec-12/app-core/admin] com.haulmont.cuba.core.sys.ViewRepositoryImpl - Initializing views
2017-03-17 15:58:54.846 DEBUG [http-nio-8080-exec-12/app-core/admin] com.haulmont.cuba.core.app.RdbmsStore - loadList: metaClass=sec$Filter, view=com.haulmont.cuba.security.entity.FilterEntity/app, query=select f from sec$Filter f left join f.user u where f.componentId = :component and (u.id = :userId or u is null) order by f.name
2017-03-17 15:58:55.128 DEBUG [http-nio-8080-exec-12/app-core/admin] com.haulmont.cuba.core.app.RdbmsStore - loadList: metaClass=sec$Presentation, view=com.haulmont.cuba.security.entity.Presentation/app, query=select p from sec$Presentation p where p.componentId = :component and (p.user is null or p.user.id = :userId)
2017-03-17 15:58:56.513 DEBUG [http-nio-8080-exec-12/app-core/admin] com.haulmont.cuba.core.app.RdbmsStore - loadList: metaClass=sec$User, view=com.haulmont.cuba.security.entity.User/user.browse, query=select u from sec$User u, max=50
2017-03-17 15:59:11.302 DEBUG [http-nio-8080-exec-44/app-core/admin] com.haulmont.cuba.core.app.RdbmsStore - load: metaClass=sec$User, id=60885987-1b61-4247-94c7-dff348347f93, view=com.haulmont.cuba.security.entity.User/user.edit
2017-03-17 15:59:11.553 DEBUG [http-nio-8080-exec-44/app-core/admin] com.haulmont.cuba.core.app.RdbmsStore - loadList: metaClass=sec$Role, view=com.haulmont.cuba.security.entity.Role/_minimal, query=select r from sec$Role
2017-03-17 15:59:14.478 INFO  [ClientCacheManager-pool-3-thread-1] com.haulmont.cuba.security.app.LoginWorkerBean - Logged in: fba2b05e-54f1-a331-5d62-8711916a1e5e [admin]
2017-03-17 15:59:23.136 DEBUG [http-nio-8080-exec-6/app-core/admin] com.haulmont.cuba.security.app.EntityLog - Loading entities
2017-03-17 15:59:23.151 DEBUG [http-nio-8080-exec-6/app-core/admin] com.haulmont.cuba.security.app.EntityLog - Loaded: entitiesAuto=0, entitiesManual=0
2017-03-17 15:59:23.203 DEBUG [http-nio-8080-exec-6/app-core/admin] com.haulmont.cuba.core.app.RdbmsStore - commit: commitInstances=[com.haulmont.cuba.security.entity.ScreenHistoryEntity-2ee2b8aa-7a12-8989-ecde-34d16ffebc0f [new]], removeInstances=[]
2017-03-17 16:00:42.001 INFO  [localhost-startStop-2] com.haulmont.cuba.core.sys.CubaXmlWebApplicationContext - Closing WebApplicationContext for namespace 'rest_api-servlet': startup date [Fri Mar 17 15:58:26 IST 2017]; parent: com.haulmont.cuba.core.sys.CubaClassPathXmlApplicationContext@114b10c
2017-03-17 16:00:42.035 INFO  [localhost-startStop-2] com.haulmont.cuba.core.sys.CubaXmlWebApplicationContext - Closing WebApplicationContext for namespace 'dispatcher-servlet': startup date [Fri Mar 17 15:58:24 IST 2017]; parent: com.haulmont.cuba.core.sys.CubaClassPathXmlApplicationContext@114b10c
2017-03-17 16:00:42.079 INFO  [localhost-startStop-2] com.haulmont.cuba.core.sys.CubaClassPathXmlApplicationContext - Closing com.haulmont.cuba.core.sys.CubaClassPathXmlApplicationContext@114b10c: startup date [Fri Mar 17 15:58:17 IST 2017]; root of context hierarchy
2017-03-17 16:00:42.082 INFO  [localhost-startStop-2] com.haulmont.cuba.core.sys.CubaThreadPoolTaskScheduler - Shutting down ExecutorService 'scheduler'
