2017-03-14 10:57:04.177 INFO  [localhost-startStop-1] com.haulmont.cuba.core.sys.AppComponents - Using app components: [com.haulmont.cuba]
2017-03-14 10:57:04.259 INFO  [localhost-startStop-1] com.haulmont.cuba.core.sys.AppContextLoader - Loading app properties from classpath:cuba-app.properties
2017-03-14 10:57:04.262 INFO  [localhost-startStop-1] com.haulmont.cuba.core.sys.AppContextLoader - Loading app properties from classpath:com/company/assetmanagement/app.properties
2017-03-14 10:57:04.433 INFO  [localhost-startStop-1] com.haulmont.cuba.core.sys.AppContextLoader - DbmsType of the main database is set to hsql
2017-03-14 10:57:04.796 INFO  [localhost-startStop-1] com.haulmont.cuba.core.sys.persistence.PersistenceConfigProcessor - Creating file /home/elangovan/Asset_Management/build/tomcat/work/app-core/persistence.xml
2017-03-14 10:57:05.108 INFO  [localhost-startStop-1] com.haulmont.cuba.core.sys.CubaCoreApplicationContext - Refreshing com.haulmont.cuba.core.sys.CubaCoreApplicationContext@29ec1f03: startup date [Tue Mar 14 10:57:05 IST 2017]; root of context hierarchy
2017-03-14 10:57:16.662 INFO  [localhost-startStop-1] com.haulmont.chile.core.datatypes.Datatypes - Can't find /datatypes.xml, using default datatypes settings
2017-03-14 10:57:26.686 INFO  [localhost-startStop-1] com.haulmont.cuba.core.sys.CubaThreadPoolTaskScheduler - Initializing ExecutorService  'scheduler'
2017-03-14 10:57:27.420 INFO  [localhost-startStop-1] com.haulmont.cuba.core.sys.jmx.MBeanExporter - Registering beans for JMX exposure: [app-core.cuba:type=PersistenceManager, app-core.cuba:type=ConfigStorage, app-core.cuba:type=UserSessions, app-core.cuba:type=UniqueNumbers, app-core.cuba:type=Emailer, app-core.cuba:type=EntityLog, app-core.cuba:type=FileStorage, app-core.cuba:type=LockManager, app-core.cuba:type=CachingFacade, app-core.cuba:type=ClusterManager, app-core.cuba:type=ScriptingManager, app-core.cuba:type=ServerInfo, app-core.cuba:type=Scheduling, app-core.cuba:type=ObjectsCacheManager, app-core.cuba:type=PasswordEncryptionSupport, app-core.cuba:type=JmxNodeIdentifier, app-core.cuba:type=JmxLogControl, app-core.cuba:type=ClassLoaderManager, app-core.cuba:type=StatisticsCounter, app-core.cuba:type=BruteForceProtection, app-core.cuba:type=QueryCacheSupport, app-core.cuba:type=IdpSessions]
2017-03-14 10:57:28.274 DEBUG [localhost-startStop-1] com.haulmont.cuba.security.app.LoginWorkerBean - Initialize anonymous session
2017-03-14 10:57:28.280 INFO  [localhost-startStop-1] com.haulmont.cuba.core.app.ConfigStorage - Loading DB-stored app properties cache
2017-03-14 10:57:29.201 INFO  [localhost-startStop-1] com.haulmont.cuba.core.sys.MetadataImpl - Initializing metadata
2017-03-14 10:57:29.666 INFO  [localhost-startStop-1] com.haulmont.cuba.core.sys.MetadataImpl - Metadata initialized in 465ms
2017-03-14 10:57:31.836 INFO  [localhost-startStop-1] com.haulmont.cuba.core.sys.DefaultPermissionValuesConfig - Initializing default permission values
2017-03-14 10:57:32.157 INFO  [localhost-startStop-1] com.haulmont.cuba.security.app.LoginWorkerBean - Logged in: fcdd3533-7fdc-ae29-2af0-3689d5537c8c [anonymous]
2017-03-14 10:57:32.158 DEBUG [localhost-startStop-1] com.haulmont.cuba.security.app.LoginWorkerBean - Anonymous session initialized with id fcdd3533-7fdc-ae29-2af0-3689d5537c8c
2017-03-14 10:57:32.158 INFO  [localhost-startStop-1] com.haulmont.cuba.core.sys.AppContextLoader - AppContext initialized
2017-03-14 10:57:32.299 INFO  [localhost-startStop-1] com.haulmont.cuba.core.sys.remoting.RemotingServlet - FrameworkServlet 'remoting': initialization started
2017-03-14 10:57:32.331 INFO  [localhost-startStop-1] com.haulmont.cuba.core.sys.CubaDefaultXmlWebApplicationContext - Refreshing WebApplicationContext for namespace 'remoting-servlet': startup date [Tue Mar 14 10:57:32 IST 2017]; parent: com.haulmont.cuba.core.sys.CubaCoreApplicationContext@29ec1f03
2017-03-14 10:57:32.589 INFO  [localhost-startStop-1] com.haulmont.cuba.core.sys.remoting.RemoteServicesBeanCreator - Configuring remote services
2017-03-14 10:57:33.930 INFO  [localhost-startStop-1] com.haulmont.cuba.core.sys.remoting.RemotingServlet - FrameworkServlet 'remoting': initialization completed in 1630 ms
2017-03-14 10:57:34.637 INFO  [localhost-startStop-1] com.haulmont.cuba.core.sys.AppComponents - Using app components: [com.haulmont.cuba]
2017-03-14 10:57:34.655 INFO  [localhost-startStop-1] com.haulmont.cuba.web.sys.WebAppContextLoader - Loading app properties from classpath:cuba-web-app.properties
2017-03-14 10:57:34.658 INFO  [localhost-startStop-1] com.haulmont.cuba.web.sys.WebAppContextLoader - Loading app properties from classpath:com/company/assetmanagement/web-app.properties
2017-03-14 10:57:34.681 INFO  [localhost-startStop-1] com.haulmont.cuba.core.sys.CubaClassPathXmlApplicationContext - Refreshing com.haulmont.cuba.core.sys.CubaClassPathXmlApplicationContext@6475a5d7: startup date [Tue Mar 14 10:57:34 IST 2017]; root of context hierarchy
2017-03-14 10:57:37.374 INFO  [localhost-startStop-1] com.haulmont.cuba.web.sys.remoting.WebRemoteProxyBeanCreator - Configuring proxy beans for local service invocations: [cuba_LoginService, cuba_ServerInfoService, cuba_UserSettingService, cuba_UserManagementService, cuba_DataService, cuba_ConfigStorageService, cuba_PersistenceManagerService, cuba_LockService, cuba_UserSessionService, cuba_FoldersService, cuba_EmailService, cuba_FileStorageService, cuba_EntitySnapshotService, cuba_UniqueNumbersService, cuba_LocalizedMessageService, cuba_ResourceService, cuba_ScheduledTasksService, cuba_EntityLogService, cuba_TestingService, cuba_ObjectsCacheManagerService, cuba_DomainDescriptionService, cuba_RelatedEntitiesService, cuba_EntitySqlGenerationService, cuba_NumberIdService, cuba_QueryResultsService, cuba_DynamicAttributesCacheService, cuba_EntityRestoreService, cuba_LocalFileExchangeService, cuba_EntityImportExportService, cuba_ScreenProfilerService, cuba_ServerTokenStore, cuba_IdpService]
2017-03-14 10:57:38.702 INFO  [localhost-startStop-1] com.haulmont.chile.core.datatypes.Datatypes - Can't find /datatypes.xml, using default datatypes settings
2017-03-14 10:57:40.998 INFO  [localhost-startStop-1] com.haulmont.cuba.core.sys.CubaThreadPoolTaskScheduler - Initializing ExecutorService  'scheduler'
2017-03-14 10:57:41.603 INFO  [localhost-startStop-1] com.haulmont.cuba.core.sys.jmx.MBeanExporter - Registering beans for JMX exposure: [app.cuba:type=ConfigStorage, app.cuba:type=CachingFacade, app.cuba:type=FileUploading, app.cuba:type=JmxNodeIdentifier, app.cuba:type=JmxLogControl, app.cuba:type=ClassLoaderManager, app.cuba:type=StatisticsCounter]
2017-03-14 10:57:41.659 INFO  [localhost-startStop-1] com.haulmont.cuba.web.sys.WebAppContextLoader - AppContext initialized
2017-03-14 10:57:41.702 INFO  [localhost-startStop-1] com.haulmont.cuba.web.sys.CubaDispatcherServlet - FrameworkServlet 'dispatcher': initialization started
2017-03-14 10:57:41.709 INFO  [localhost-startStop-1] com.haulmont.cuba.core.sys.CubaXmlWebApplicationContext - Refreshing WebApplicationContext for namespace 'dispatcher-servlet': startup date [Tue Mar 14 10:57:41 IST 2017]; parent: com.haulmont.cuba.core.sys.CubaClassPathXmlApplicationContext@6475a5d7
2017-03-14 10:57:44.271 INFO  [localhost-startStop-1] com.haulmont.cuba.web.sys.CubaDispatcherServlet - FrameworkServlet 'dispatcher': initialization completed in 2569 ms
2017-03-14 10:57:44.274 INFO  [localhost-startStop-1] com.haulmont.restapi.sys.CubaRestApiServlet - FrameworkServlet 'rest_api': initialization started
2017-03-14 10:57:44.276 INFO  [localhost-startStop-1] com.haulmont.cuba.core.sys.CubaXmlWebApplicationContext - Refreshing WebApplicationContext for namespace 'rest_api-servlet': startup date [Tue Mar 14 10:57:44 IST 2017]; parent: com.haulmont.cuba.core.sys.CubaClassPathXmlApplicationContext@6475a5d7
2017-03-14 10:57:48.226 INFO  [localhost-startStop-1] com.haulmont.restapi.sys.CubaRestApiServlet - FrameworkServlet 'rest_api': initialization completed in 3952 ms
2017-03-14 10:57:50.708 DEBUG [http-nio-8080-exec-14] com.haulmont.cuba.gui.theme.ThemeConstantsRepository - Loading theme constants
2017-03-14 10:57:50.747 DEBUG [http-nio-8080-exec-14] com.haulmont.cuba.web.App - Initializing application
2017-03-14 10:57:51.594 DEBUG [http-nio-8080-exec-14/app/anonymous] com.haulmont.cuba.web.DefaultApp - connectionStateChanged connected: true, authenticated: false
2017-03-14 10:57:51.595 DEBUG [http-nio-8080-exec-14/app/anonymous] com.haulmont.cuba.web.App - Closing all windows
2017-03-14 10:57:51.646 INFO  [http-nio-8080-exec-14/app/anonymous] com.haulmont.cuba.core.sys.MetadataImpl - Initializing metadata
2017-03-14 10:57:52.151 INFO  [http-nio-8080-exec-14/app/anonymous] com.haulmont.cuba.core.sys.MetadataImpl - Metadata initialized in 504ms
2017-03-14 10:57:54.245 DEBUG [http-nio-8080-exec-14/app/anonymous] com.haulmont.cuba.web.AbstractConnection - Logged in: user=anonymous, ip=127.0.0.1, clientInfo=Web (localhost:8080/app) Mozilla/5.0 (X11; Linux x86_64) AppleWebKit/537.36 (KHTML, like Gecko) Chrome/56.0.2924.87 Safari/537.36
2017-03-14 10:59:15.656 INFO  [http-nio-8080-exec-14/app-core/anonymous] com.haulmont.cuba.security.app.LoginWorkerBean - Logged in: e574c815-79eb-7e9f-5c5e-39fb3f79686d [admin]
2017-03-14 10:59:15.716 DEBUG [http-nio-8080-exec-14/app/admin] com.haulmont.cuba.web.DefaultApp - connectionStateChanged connected: true, authenticated: true
2017-03-14 10:59:15.717 DEBUG [http-nio-8080-exec-14/app/admin] com.haulmont.cuba.web.App - Closing all windows
2017-03-14 10:59:15.727 DEBUG [http-nio-8080-exec-14/app/admin] com.haulmont.cuba.web.DefaultApp - Session reinitialized: HttpSession=org.apache.catalina.session.StandardSessionFacade@2b4d2f6, timeout=1800sec, UserSession=e574c815-79eb-7e9f-5c5e-39fb3f79686d [admin]
2017-03-14 10:59:16.039 INFO  [ClientCacheManager-pool-3-thread-1] com.haulmont.cuba.security.app.LoginWorkerBean - Logged in: c68d7875-2e61-92b8-aef9-6c452c9433a8 [admin]
2017-03-14 10:59:16.529 INFO  [http-nio-8080-exec-14/app/admin] com.haulmont.cuba.client.sys.ViewRepositoryClientImpl - Initializing views
2017-03-14 10:59:16.534 DEBUG [http-nio-8080-exec-14/app/admin] com.haulmont.cuba.client.sys.ViewRepositoryClientImpl - Deploying views config: cuba-views.xml
2017-03-14 10:59:16.545 DEBUG [http-nio-8080-exec-14/app/admin] com.haulmont.cuba.client.sys.ViewRepositoryClientImpl - Deploying views config: com/company/assetmanagement/views.xml
2017-03-14 10:59:16.617 DEBUG [http-nio-8080-exec-14/app-core/admin] com.haulmont.cuba.core.app.StoreFactory - No implementation is specified for _MAIN_ store, using RdbmsStore
2017-03-14 10:59:16.827 DEBUG [http-nio-8080-exec-14/app-core/admin] com.haulmont.cuba.core.app.RdbmsStore - loadList: metaClass=sec$UserSubstitution, view=com.haulmont.cuba.security.entity.UserSubstitution/app, query=select us from sec$UserSubstitution us where us.user.id = :userId and (us.endDate is null or us.endDate >= :currentDate) and (us.startDate is null or us.startDate <= :currentDate) and (us.substitutedUser.active = true or us.substitutedUser.active is null) order by us.substitutedUser.name
2017-03-14 10:59:17.447 DEBUG [http-nio-8080-exec-14/app-core/admin] com.haulmont.cuba.core.app.FoldersServiceBean - Loading AppFolders
2017-03-14 10:59:17.525 DEBUG [http-nio-8080-exec-14/app-core/admin] com.haulmont.cuba.core.app.FoldersServiceBean - Loading SearchFolders
2017-03-14 10:59:17.706 DEBUG [http-nio-8080-exec-14/app/admin] com.haulmont.cuba.web.AbstractConnection - Logged in: user=admin, ip=127.0.0.1, clientInfo=Web (localhost:8080/app) Mozilla/5.0 (X11; Linux x86_64) AppleWebKit/537.36 (KHTML, like Gecko) Chrome/56.0.2924.87 Safari/537.36
2017-03-14 11:07:54.386 DEBUG [http-nio-8080-exec-5/app/admin] com.haulmont.cuba.web.App - Ping session
2017-03-14 11:13:03.990 INFO  [http-nio-8080-exec-31/app-core/admin] com.haulmont.cuba.core.app.PersistenceManager - Loading statistics cache
2017-03-14 11:13:04.115 INFO  [http-nio-8080-exec-31/app-core/admin] com.haulmont.cuba.core.sys.ViewRepositoryImpl - Initializing views
2017-03-14 11:13:04.479 DEBUG [http-nio-8080-exec-31/app-core/admin] com.haulmont.cuba.core.app.RdbmsStore - loadList: metaClass=sec$Filter, view=com.haulmont.cuba.security.entity.FilterEntity/app, query=select f from sec$Filter f left join f.user u where f.componentId = :component and (u.id = :userId or u is null) order by f.name
2017-03-14 11:13:04.777 DEBUG [http-nio-8080-exec-31/app-core/admin] com.haulmont.cuba.core.app.RdbmsStore - loadList: metaClass=sec$Presentation, view=com.haulmont.cuba.security.entity.Presentation/app, query=select p from sec$Presentation p where p.componentId = :component and (p.user is null or p.user.id = :userId)
2017-03-14 11:13:05.978 DEBUG [http-nio-8080-exec-31/app-core/admin] com.haulmont.cuba.core.app.RdbmsStore - loadList: metaClass=sec$User, view=com.haulmont.cuba.security.entity.User/user.browse, query=select u from sec$User u, max=50
2017-03-14 11:17:55.386 DEBUG [http-nio-8080-exec-36/app/admin] com.haulmont.cuba.web.App - Ping session
2017-03-14 11:21:16.744 INFO  [localhost-startStop-2] com.haulmont.cuba.core.sys.CubaXmlWebApplicationContext - Closing WebApplicationContext for namespace 'rest_api-servlet': startup date [Tue Mar 14 10:57:44 IST 2017]; parent: com.haulmont.cuba.core.sys.CubaClassPathXmlApplicationContext@6475a5d7
2017-03-14 11:21:16.799 INFO  [localhost-startStop-2] com.haulmont.cuba.core.sys.CubaXmlWebApplicationContext - Closing WebApplicationContext for namespace 'dispatcher-servlet': startup date [Tue Mar 14 10:57:41 IST 2017]; parent: com.haulmont.cuba.core.sys.CubaClassPathXmlApplicationContext@6475a5d7
2017-03-14 11:21:16.995 INFO  [localhost-startStop-2] com.haulmont.cuba.core.sys.CubaClassPathXmlApplicationContext - Closing com.haulmont.cuba.core.sys.CubaClassPathXmlApplicationContext@6475a5d7: startup date [Tue Mar 14 10:57:34 IST 2017]; root of context hierarchy
2017-03-14 11:21:17.001 INFO  [localhost-startStop-2] com.haulmont.cuba.core.sys.CubaThreadPoolTaskScheduler - Shutting down ExecutorService 'scheduler'
