14-Mar-2017 10:57:01.124 INFO [main] org.apache.catalina.startup.VersionLoggerListener.log Server version:        Apache Tomcat/8.0.35
14-Mar-2017 10:57:01.140 INFO [main] org.apache.catalina.startup.VersionLoggerListener.log Server built:          May 11 2016 21:57:08 UTC
14-Mar-2017 10:57:01.143 INFO [main] org.apache.catalina.startup.VersionLoggerListener.log Server number:         8.0.35.0
14-Mar-2017 10:57:01.148 INFO [main] org.apache.catalina.startup.VersionLoggerListener.log OS Name:               Linux
14-Mar-2017 10:57:01.155 INFO [main] org.apache.catalina.startup.VersionLoggerListener.log OS Version:            4.4.0-65-generic
14-Mar-2017 10:57:01.157 INFO [main] org.apache.catalina.startup.VersionLoggerListener.log Architecture:          amd64
14-Mar-2017 10:57:01.163 INFO [main] org.apache.catalina.startup.VersionLoggerListener.log Java Home:             /usr/lib/jvm/java-8-oracle/jre
14-Mar-2017 10:57:01.168 INFO [main] org.apache.catalina.startup.VersionLoggerListener.log JVM Version:           1.8.0_121-b13
14-Mar-2017 10:57:01.173 INFO [main] org.apache.catalina.startup.VersionLoggerListener.log JVM Vendor:            Oracle Corporation
14-Mar-2017 10:57:01.177 INFO [main] org.apache.catalina.startup.VersionLoggerListener.log CATALINA_BASE:         /home/elangovan/Asset_Management/build/tomcat
14-Mar-2017 10:57:01.179 INFO [main] org.apache.catalina.startup.VersionLoggerListener.log CATALINA_HOME:         /home/elangovan/Asset_Management/build/tomcat
14-Mar-2017 10:57:01.181 INFO [main] org.apache.catalina.startup.VersionLoggerListener.log Command line argument: -Djava.util.logging.config.file=/home/elangovan/Asset_Management/build/tomcat/conf/logging.properties
14-Mar-2017 10:57:01.183 INFO [main] org.apache.catalina.startup.VersionLoggerListener.log Command line argument: -Djava.util.logging.manager=org.apache.juli.ClassLoaderLogManager
14-Mar-2017 10:57:01.184 INFO [main] org.apache.catalina.startup.VersionLoggerListener.log Command line argument: -Xmx512m
14-Mar-2017 10:57:01.186 INFO [main] org.apache.catalina.startup.VersionLoggerListener.log Command line argument: -Dfile.encoding=UTF-8
14-Mar-2017 10:57:01.187 INFO [main] org.apache.catalina.startup.VersionLoggerListener.log Command line argument: -Dlogback.configurationFile=../conf/logback.xml
14-Mar-2017 10:57:01.189 INFO [main] org.apache.catalina.startup.VersionLoggerListener.log Command line argument: -Dcom.sun.management.jmxremote
14-Mar-2017 10:57:01.190 INFO [main] org.apache.catalina.startup.VersionLoggerListener.log Command line argument: -Xrunjdwp:transport=dt_socket,address=8787,server=y,suspend=n
14-Mar-2017 10:57:01.192 INFO [main] org.apache.catalina.startup.VersionLoggerListener.log Command line argument: -Djava.endorsed.dirs=/home/elangovan/Asset_Management/build/tomcat/endorsed
14-Mar-2017 10:57:01.193 INFO [main] org.apache.catalina.startup.VersionLoggerListener.log Command line argument: -Dcatalina.base=/home/elangovan/Asset_Management/build/tomcat
14-Mar-2017 10:57:01.195 INFO [main] org.apache.catalina.startup.VersionLoggerListener.log Command line argument: -Dcatalina.home=/home/elangovan/Asset_Management/build/tomcat
14-Mar-2017 10:57:01.196 INFO [main] org.apache.catalina.startup.VersionLoggerListener.log Command line argument: -Djava.io.tmpdir=/home/elangovan/Asset_Management/build/tomcat/temp
14-Mar-2017 10:57:01.198 INFO [main] org.apache.catalina.core.AprLifecycleListener.lifecycleEvent The APR based Apache Tomcat Native library which allows optimal performance in production environments was not found on the java.library.path: /usr/java/packages/lib/amd64:/usr/lib64:/lib64:/lib:/usr/lib
14-Mar-2017 10:57:01.775 INFO [main] org.apache.coyote.AbstractProtocol.init Initializing ProtocolHandler ["http-nio-8080"]
14-Mar-2017 10:57:01.806 INFO [main] org.apache.tomcat.util.net.NioSelectorPool.getSharedSelector Using a shared selector for servlet write/read
14-Mar-2017 10:57:01.814 INFO [main] org.apache.coyote.AbstractProtocol.init Initializing ProtocolHandler ["ajp-nio-8009"]
14-Mar-2017 10:57:01.822 INFO [main] org.apache.tomcat.util.net.NioSelectorPool.getSharedSelector Using a shared selector for servlet write/read
14-Mar-2017 10:57:01.824 INFO [main] org.apache.catalina.startup.Catalina.load Initialization processed in 1560 ms
14-Mar-2017 10:57:01.892 INFO [main] org.apache.catalina.core.StandardService.startInternal Starting service Catalina
14-Mar-2017 10:57:01.894 INFO [main] org.apache.catalina.core.StandardEngine.startInternal Starting Servlet Engine: Apache Tomcat/8.0.35
14-Mar-2017 10:57:01.929 INFO [localhost-startStop-1] org.apache.catalina.startup.HostConfig.deployDirectory Deploying web application directory /home/elangovan/Asset_Management/build/tomcat/webapps/app-core
14-Mar-2017 10:57:33.956 INFO [localhost-startStop-1] org.apache.catalina.startup.HostConfig.deployDirectory Deployment of web application directory /home/elangovan/Asset_Management/build/tomcat/webapps/app-core has finished in 32,024 ms
14-Mar-2017 10:57:33.957 INFO [localhost-startStop-1] org.apache.catalina.startup.HostConfig.deployDirectory Deploying web application directory /home/elangovan/Asset_Management/build/tomcat/webapps/app
14-Mar-2017 10:57:34.202 INFO [localhost-startStop-1] org.atmosphere.cpr.AtmosphereFramework.addAtmosphereHandler Installed AtmosphereHandler com.vaadin.server.communication.PushAtmosphereHandler mapped to context-path: /*
14-Mar-2017 10:57:34.203 INFO [localhost-startStop-1] org.atmosphere.cpr.AtmosphereFramework.addAtmosphereHandler Installed the following AtmosphereInterceptor mapped to AtmosphereHandler com.vaadin.server.communication.PushAtmosphereHandler
14-Mar-2017 10:57:34.218 INFO [localhost-startStop-1] org.atmosphere.util.IOUtils.readServiceFile META-INF/services/org.atmosphere.cpr.AtmosphereFramework not found in class loader
14-Mar-2017 10:57:34.277 INFO [localhost-startStop-1] org.atmosphere.cpr.AtmosphereFramework.autoConfigureService Atmosphere is using org.atmosphere.util.VoidAnnotationProcessor for processing annotation
14-Mar-2017 10:57:34.351 INFO [localhost-startStop-1] org.atmosphere.cpr.AtmosphereFramework.initWebSocket Installed WebSocketProtocol org.atmosphere.websocket.protocol.SimpleHttpProtocol 
14-Mar-2017 10:57:34.400 INFO [localhost-startStop-1] org.atmosphere.container.JSR356AsyncSupport.<init> JSR 356 Mapping path /{path}
14-Mar-2017 10:57:34.459 INFO [localhost-startStop-1] org.atmosphere.cpr.AtmosphereFramework.configureAtmosphereInterceptor Installing Default AtmosphereInterceptors
14-Mar-2017 10:57:34.467 INFO [localhost-startStop-1] org.atmosphere.cpr.AtmosphereFramework.newAInterceptor 	org.atmosphere.interceptor.CorsInterceptor : CORS Interceptor Support
14-Mar-2017 10:57:34.471 INFO [localhost-startStop-1] org.atmosphere.cpr.AtmosphereFramework.newAInterceptor 	org.atmosphere.interceptor.CacheHeadersInterceptor : Default Response's Headers Interceptor
14-Mar-2017 10:57:34.477 INFO [localhost-startStop-1] org.atmosphere.cpr.AtmosphereFramework.newAInterceptor 	org.atmosphere.interceptor.PaddingAtmosphereInterceptor : Browser Padding Interceptor Support
14-Mar-2017 10:57:34.485 INFO [localhost-startStop-1] org.atmosphere.cpr.AtmosphereFramework.newAInterceptor 	org.atmosphere.interceptor.AndroidAtmosphereInterceptor : Android Interceptor Support
14-Mar-2017 10:57:34.494 INFO [localhost-startStop-1] org.atmosphere.cpr.AtmosphereFramework.configureAtmosphereInterceptor Dropping Interceptor org.atmosphere.interceptor.HeartbeatInterceptor
14-Mar-2017 10:57:34.501 INFO [localhost-startStop-1] org.atmosphere.cpr.AtmosphereFramework.newAInterceptor 	org.atmosphere.interceptor.SSEAtmosphereInterceptor : SSE Interceptor Support
14-Mar-2017 10:57:34.503 INFO [localhost-startStop-1] org.atmosphere.cpr.AtmosphereFramework.newAInterceptor 	org.atmosphere.interceptor.JSONPAtmosphereInterceptor : JSONP Interceptor Support
14-Mar-2017 10:57:34.512 INFO [localhost-startStop-1] org.atmosphere.cpr.AtmosphereFramework.newAInterceptor 	org.atmosphere.interceptor.JavaScriptProtocol : Atmosphere JavaScript Protocol
14-Mar-2017 10:57:34.515 INFO [localhost-startStop-1] org.atmosphere.cpr.AtmosphereFramework.newAInterceptor 	org.atmosphere.interceptor.WebSocketMessageSuspendInterceptor : org.atmosphere.interceptor.WebSocketMessageSuspendInterceptor
14-Mar-2017 10:57:34.517 INFO [localhost-startStop-1] org.atmosphere.cpr.AtmosphereFramework.newAInterceptor 	org.atmosphere.interceptor.OnDisconnectInterceptor : Browser disconnection detection
14-Mar-2017 10:57:34.526 INFO [localhost-startStop-1] org.atmosphere.cpr.AtmosphereFramework.newAInterceptor 	org.atmosphere.interceptor.IdleResourceInterceptor : org.atmosphere.interceptor.IdleResourceInterceptor
14-Mar-2017 10:57:34.527 INFO [localhost-startStop-1] org.atmosphere.cpr.AtmosphereFramework.configureAtmosphereInterceptor Set org.atmosphere.cpr.AtmosphereInterceptor.disableDefaults to disable them.
14-Mar-2017 10:57:34.540 INFO [localhost-startStop-1] org.atmosphere.cpr.AtmosphereFramework.info Using EndpointMapper class org.atmosphere.util.DefaultEndpointMapper
14-Mar-2017 10:57:34.541 INFO [localhost-startStop-1] org.atmosphere.cpr.AtmosphereFramework.info Using BroadcasterCache: org.atmosphere.cache.UUIDBroadcasterCache
14-Mar-2017 10:57:34.542 INFO [localhost-startStop-1] org.atmosphere.cpr.AtmosphereFramework.info Default Broadcaster Class: org.atmosphere.cpr.DefaultBroadcaster
14-Mar-2017 10:57:34.543 INFO [localhost-startStop-1] org.atmosphere.cpr.AtmosphereFramework.info Broadcaster Polling Wait Time 100
14-Mar-2017 10:57:34.544 INFO [localhost-startStop-1] org.atmosphere.cpr.AtmosphereFramework.info Shared ExecutorService supported: true
14-Mar-2017 10:57:34.545 INFO [localhost-startStop-1] org.atmosphere.cpr.AtmosphereFramework.info Messaging Thread Pool Size: Unlimited
14-Mar-2017 10:57:34.546 INFO [localhost-startStop-1] org.atmosphere.cpr.AtmosphereFramework.info Async I/O Thread Pool Size: 200
14-Mar-2017 10:57:34.547 INFO [localhost-startStop-1] org.atmosphere.cpr.AtmosphereFramework.info Using BroadcasterFactory: org.atmosphere.cpr.DefaultBroadcasterFactory
14-Mar-2017 10:57:34.548 INFO [localhost-startStop-1] org.atmosphere.cpr.AtmosphereFramework.info Using WebSocketProcessor: org.atmosphere.websocket.DefaultWebSocketProcessor
14-Mar-2017 10:57:34.569 INFO [localhost-startStop-1] org.atmosphere.cpr.AtmosphereFramework.info Invoke AtmosphereInterceptor on WebSocket message true
14-Mar-2017 10:57:34.570 INFO [localhost-startStop-1] org.atmosphere.cpr.AtmosphereFramework.info HttpSession supported: true
14-Mar-2017 10:57:34.571 INFO [localhost-startStop-1] org.atmosphere.cpr.AtmosphereFramework.info Atmosphere is using DefaultAtmosphereObjectFactory for dependency injection and object creation
14-Mar-2017 10:57:34.573 INFO [localhost-startStop-1] org.atmosphere.cpr.AtmosphereFramework.info Atmosphere is using async support: org.atmosphere.container.JSR356AsyncSupport running under container: Apache Tomcat/8.0.35 using javax.servlet/3.0 and jsr356/WebSocket API
14-Mar-2017 10:57:34.574 INFO [localhost-startStop-1] org.atmosphere.cpr.AtmosphereFramework.info Atmosphere Framework 2.2.7.vaadin1 started.
14-Mar-2017 10:57:34.595 INFO [localhost-startStop-1] org.atmosphere.cpr.AtmosphereFramework.interceptor Installed AtmosphereInterceptor  Track Message Size Interceptor using | with priority BEFORE_DEFAULT 
14-Mar-2017 10:57:48.229 INFO [localhost-startStop-1] org.apache.catalina.startup.HostConfig.deployDirectory Deployment of web application directory /home/elangovan/Asset_Management/build/tomcat/webapps/app has finished in 14,272 ms
14-Mar-2017 10:57:48.277 INFO [main] org.apache.coyote.AbstractProtocol.start Starting ProtocolHandler ["http-nio-8080"]
14-Mar-2017 10:57:48.326 INFO [main] org.apache.coyote.AbstractProtocol.start Starting ProtocolHandler ["ajp-nio-8009"]
14-Mar-2017 10:57:48.331 INFO [main] org.apache.catalina.startup.Catalina.start Server startup in 46506 ms
14-Mar-2017 10:57:48.967 WARNING [http-nio-8080-exec-27] com.vaadin.server.DefaultDeploymentConfiguration.checkProductionMode 
=================================================================
Vaadin is running in DEBUG MODE.
Add productionMode=true to web.xml to disable debug features.
To show debug window, add ?debug to your application URL.
=================================================================
14-Mar-2017 11:21:16.363 INFO [main] org.apache.catalina.core.StandardServer.await A valid shutdown command was received via the shutdown port. Stopping the Server instance.
14-Mar-2017 11:21:16.434 INFO [main] org.apache.coyote.AbstractProtocol.pause Pausing ProtocolHandler ["http-nio-8080"]
14-Mar-2017 11:21:16.506 INFO [main] org.apache.coyote.AbstractProtocol.pause Pausing ProtocolHandler ["ajp-nio-8009"]
14-Mar-2017 11:21:16.557 INFO [main] org.apache.catalina.core.StandardService.stopInternal Stopping service Catalina
14-Mar-2017 11:21:17.190 INFO [main] org.apache.coyote.AbstractProtocol.stop Stopping ProtocolHandler ["http-nio-8080"]
14-Mar-2017 11:21:17.245 INFO [main] org.apache.coyote.AbstractProtocol.stop Stopping ProtocolHandler ["ajp-nio-8009"]
14-Mar-2017 11:21:17.264 INFO [main] org.apache.coyote.AbstractProtocol.destroy Destroying ProtocolHandler ["http-nio-8080"]
14-Mar-2017 11:21:17.267 INFO [main] org.apache.coyote.AbstractProtocol.destroy Destroying ProtocolHandler ["ajp-nio-8009"]
