15-Mar-2017 15:34:11.448 INFO [main] org.apache.catalina.startup.VersionLoggerListener.log Server version:        Apache Tomcat/8.0.35
15-Mar-2017 15:34:11.459 INFO [main] org.apache.catalina.startup.VersionLoggerListener.log Server built:          May 11 2016 21:57:08 UTC
15-Mar-2017 15:34:11.461 INFO [main] org.apache.catalina.startup.VersionLoggerListener.log Server number:         8.0.35.0
15-Mar-2017 15:34:11.463 INFO [main] org.apache.catalina.startup.VersionLoggerListener.log OS Name:               Linux
15-Mar-2017 15:34:11.465 INFO [main] org.apache.catalina.startup.VersionLoggerListener.log OS Version:            4.4.0-65-generic
15-Mar-2017 15:34:11.466 INFO [main] org.apache.catalina.startup.VersionLoggerListener.log Architecture:          amd64
15-Mar-2017 15:34:11.468 INFO [main] org.apache.catalina.startup.VersionLoggerListener.log Java Home:             /usr/lib/jvm/java-8-oracle/jre
15-Mar-2017 15:34:11.470 INFO [main] org.apache.catalina.startup.VersionLoggerListener.log JVM Version:           1.8.0_121-b13
15-Mar-2017 15:34:11.472 INFO [main] org.apache.catalina.startup.VersionLoggerListener.log JVM Vendor:            Oracle Corporation
15-Mar-2017 15:34:11.474 INFO [main] org.apache.catalina.startup.VersionLoggerListener.log CATALINA_BASE:         /home/elangovan/Asset_Management/build/tomcat
15-Mar-2017 15:34:11.476 INFO [main] org.apache.catalina.startup.VersionLoggerListener.log CATALINA_HOME:         /home/elangovan/Asset_Management/build/tomcat
15-Mar-2017 15:34:11.478 INFO [main] org.apache.catalina.startup.VersionLoggerListener.log Command line argument: -Djava.util.logging.config.file=/home/elangovan/Asset_Management/build/tomcat/conf/logging.properties
15-Mar-2017 15:34:11.479 INFO [main] org.apache.catalina.startup.VersionLoggerListener.log Command line argument: -Djava.util.logging.manager=org.apache.juli.ClassLoaderLogManager
15-Mar-2017 15:34:11.481 INFO [main] org.apache.catalina.startup.VersionLoggerListener.log Command line argument: -Xmx512m
15-Mar-2017 15:34:11.482 INFO [main] org.apache.catalina.startup.VersionLoggerListener.log Command line argument: -Dfile.encoding=UTF-8
15-Mar-2017 15:34:11.484 INFO [main] org.apache.catalina.startup.VersionLoggerListener.log Command line argument: -Dlogback.configurationFile=../conf/logback.xml
15-Mar-2017 15:34:11.485 INFO [main] org.apache.catalina.startup.VersionLoggerListener.log Command line argument: -Dcom.sun.management.jmxremote
15-Mar-2017 15:34:11.487 INFO [main] org.apache.catalina.startup.VersionLoggerListener.log Command line argument: -Xrunjdwp:transport=dt_socket,address=8787,server=y,suspend=n
15-Mar-2017 15:34:11.488 INFO [main] org.apache.catalina.startup.VersionLoggerListener.log Command line argument: -Djava.endorsed.dirs=/home/elangovan/Asset_Management/build/tomcat/endorsed
15-Mar-2017 15:34:11.490 INFO [main] org.apache.catalina.startup.VersionLoggerListener.log Command line argument: -Dcatalina.base=/home/elangovan/Asset_Management/build/tomcat
15-Mar-2017 15:34:11.492 INFO [main] org.apache.catalina.startup.VersionLoggerListener.log Command line argument: -Dcatalina.home=/home/elangovan/Asset_Management/build/tomcat
15-Mar-2017 15:34:11.493 INFO [main] org.apache.catalina.startup.VersionLoggerListener.log Command line argument: -Djava.io.tmpdir=/home/elangovan/Asset_Management/build/tomcat/temp
15-Mar-2017 15:34:11.502 INFO [main] org.apache.catalina.core.AprLifecycleListener.lifecycleEvent The APR based Apache Tomcat Native library which allows optimal performance in production environments was not found on the java.library.path: /usr/java/packages/lib/amd64:/usr/lib64:/lib64:/lib:/usr/lib
15-Mar-2017 15:34:12.853 INFO [main] org.apache.coyote.AbstractProtocol.init Initializing ProtocolHandler ["http-nio-8080"]
15-Mar-2017 15:34:12.882 INFO [main] org.apache.tomcat.util.net.NioSelectorPool.getSharedSelector Using a shared selector for servlet write/read
15-Mar-2017 15:34:12.889 INFO [main] org.apache.coyote.AbstractProtocol.init Initializing ProtocolHandler ["ajp-nio-8009"]
15-Mar-2017 15:34:12.894 INFO [main] org.apache.tomcat.util.net.NioSelectorPool.getSharedSelector Using a shared selector for servlet write/read
15-Mar-2017 15:34:12.895 INFO [main] org.apache.catalina.startup.Catalina.load Initialization processed in 3040 ms
15-Mar-2017 15:34:13.039 INFO [main] org.apache.catalina.core.StandardService.startInternal Starting service Catalina
15-Mar-2017 15:34:13.041 INFO [main] org.apache.catalina.core.StandardEngine.startInternal Starting Servlet Engine: Apache Tomcat/8.0.35
15-Mar-2017 15:34:13.084 INFO [localhost-startStop-1] org.apache.catalina.startup.HostConfig.deployDirectory Deploying web application directory /home/elangovan/Asset_Management/build/tomcat/webapps/app-core
15-Mar-2017 15:34:57.431 INFO [localhost-startStop-1] org.apache.catalina.util.SessionIdGeneratorBase.createSecureRandom Creation of SecureRandom instance for session ID generation using [SHA1PRNG] took [322] milliseconds.
15-Mar-2017 15:35:01.490 INFO [localhost-startStop-1] org.apache.catalina.startup.HostConfig.deployDirectory Deployment of web application directory /home/elangovan/Asset_Management/build/tomcat/webapps/app-core has finished in 48,406 ms
15-Mar-2017 15:35:01.493 INFO [localhost-startStop-1] org.apache.catalina.startup.HostConfig.deployDirectory Deploying web application directory /home/elangovan/Asset_Management/build/tomcat/webapps/app
15-Mar-2017 15:35:02.355 INFO [localhost-startStop-1] org.atmosphere.cpr.AtmosphereFramework.addAtmosphereHandler Installed AtmosphereHandler com.vaadin.server.communication.PushAtmosphereHandler mapped to context-path: /*
15-Mar-2017 15:35:02.360 INFO [localhost-startStop-1] org.atmosphere.cpr.AtmosphereFramework.addAtmosphereHandler Installed the following AtmosphereInterceptor mapped to AtmosphereHandler com.vaadin.server.communication.PushAtmosphereHandler
15-Mar-2017 15:35:02.392 INFO [localhost-startStop-1] org.atmosphere.util.IOUtils.readServiceFile META-INF/services/org.atmosphere.cpr.AtmosphereFramework not found in class loader
15-Mar-2017 15:35:02.593 INFO [localhost-startStop-1] org.atmosphere.cpr.AtmosphereFramework.autoConfigureService Atmosphere is using org.atmosphere.util.VoidAnnotationProcessor for processing annotation
15-Mar-2017 15:35:02.777 INFO [localhost-startStop-1] org.atmosphere.cpr.AtmosphereFramework.initWebSocket Installed WebSocketProtocol org.atmosphere.websocket.protocol.SimpleHttpProtocol 
15-Mar-2017 15:35:02.851 INFO [localhost-startStop-1] org.atmosphere.container.JSR356AsyncSupport.<init> JSR 356 Mapping path /{path}
15-Mar-2017 15:35:02.981 INFO [localhost-startStop-1] org.atmosphere.cpr.AtmosphereFramework.configureAtmosphereInterceptor Installing Default AtmosphereInterceptors
15-Mar-2017 15:35:02.995 INFO [localhost-startStop-1] org.atmosphere.cpr.AtmosphereFramework.newAInterceptor 	org.atmosphere.interceptor.CorsInterceptor : CORS Interceptor Support
15-Mar-2017 15:35:02.997 INFO [localhost-startStop-1] org.atmosphere.cpr.AtmosphereFramework.newAInterceptor 	org.atmosphere.interceptor.CacheHeadersInterceptor : Default Response's Headers Interceptor
15-Mar-2017 15:35:03.008 INFO [localhost-startStop-1] org.atmosphere.cpr.AtmosphereFramework.newAInterceptor 	org.atmosphere.interceptor.PaddingAtmosphereInterceptor : Browser Padding Interceptor Support
15-Mar-2017 15:35:03.012 INFO [localhost-startStop-1] org.atmosphere.cpr.AtmosphereFramework.newAInterceptor 	org.atmosphere.interceptor.AndroidAtmosphereInterceptor : Android Interceptor Support
15-Mar-2017 15:35:03.013 INFO [localhost-startStop-1] org.atmosphere.cpr.AtmosphereFramework.configureAtmosphereInterceptor Dropping Interceptor org.atmosphere.interceptor.HeartbeatInterceptor
15-Mar-2017 15:35:03.026 INFO [localhost-startStop-1] org.atmosphere.cpr.AtmosphereFramework.newAInterceptor 	org.atmosphere.interceptor.SSEAtmosphereInterceptor : SSE Interceptor Support
15-Mar-2017 15:35:03.029 INFO [localhost-startStop-1] org.atmosphere.cpr.AtmosphereFramework.newAInterceptor 	org.atmosphere.interceptor.JSONPAtmosphereInterceptor : JSONP Interceptor Support
15-Mar-2017 15:35:03.037 INFO [localhost-startStop-1] org.atmosphere.cpr.AtmosphereFramework.newAInterceptor 	org.atmosphere.interceptor.JavaScriptProtocol : Atmosphere JavaScript Protocol
15-Mar-2017 15:35:03.040 INFO [localhost-startStop-1] org.atmosphere.cpr.AtmosphereFramework.newAInterceptor 	org.atmosphere.interceptor.WebSocketMessageSuspendInterceptor : org.atmosphere.interceptor.WebSocketMessageSuspendInterceptor
15-Mar-2017 15:35:03.042 INFO [localhost-startStop-1] org.atmosphere.cpr.AtmosphereFramework.newAInterceptor 	org.atmosphere.interceptor.OnDisconnectInterceptor : Browser disconnection detection
15-Mar-2017 15:35:03.058 INFO [localhost-startStop-1] org.atmosphere.cpr.AtmosphereFramework.newAInterceptor 	org.atmosphere.interceptor.IdleResourceInterceptor : org.atmosphere.interceptor.IdleResourceInterceptor
15-Mar-2017 15:35:03.060 INFO [localhost-startStop-1] org.atmosphere.cpr.AtmosphereFramework.configureAtmosphereInterceptor Set org.atmosphere.cpr.AtmosphereInterceptor.disableDefaults to disable them.
15-Mar-2017 15:35:03.077 INFO [localhost-startStop-1] org.atmosphere.cpr.AtmosphereFramework.info Using EndpointMapper class org.atmosphere.util.DefaultEndpointMapper
15-Mar-2017 15:35:03.082 INFO [localhost-startStop-1] org.atmosphere.cpr.AtmosphereFramework.info Using BroadcasterCache: org.atmosphere.cache.UUIDBroadcasterCache
15-Mar-2017 15:35:03.083 INFO [localhost-startStop-1] org.atmosphere.cpr.AtmosphereFramework.info Default Broadcaster Class: org.atmosphere.cpr.DefaultBroadcaster
15-Mar-2017 15:35:03.084 INFO [localhost-startStop-1] org.atmosphere.cpr.AtmosphereFramework.info Broadcaster Polling Wait Time 100
15-Mar-2017 15:35:03.086 INFO [localhost-startStop-1] org.atmosphere.cpr.AtmosphereFramework.info Shared ExecutorService supported: true
15-Mar-2017 15:35:03.087 INFO [localhost-startStop-1] org.atmosphere.cpr.AtmosphereFramework.info Messaging Thread Pool Size: Unlimited
15-Mar-2017 15:35:03.088 INFO [localhost-startStop-1] org.atmosphere.cpr.AtmosphereFramework.info Async I/O Thread Pool Size: 200
15-Mar-2017 15:35:03.090 INFO [localhost-startStop-1] org.atmosphere.cpr.AtmosphereFramework.info Using BroadcasterFactory: org.atmosphere.cpr.DefaultBroadcasterFactory
15-Mar-2017 15:35:03.091 INFO [localhost-startStop-1] org.atmosphere.cpr.AtmosphereFramework.info Using WebSocketProcessor: org.atmosphere.websocket.DefaultWebSocketProcessor
15-Mar-2017 15:35:03.107 INFO [localhost-startStop-1] org.atmosphere.cpr.AtmosphereFramework.info Invoke AtmosphereInterceptor on WebSocket message true
15-Mar-2017 15:35:03.110 INFO [localhost-startStop-1] org.atmosphere.cpr.AtmosphereFramework.info HttpSession supported: true
15-Mar-2017 15:35:03.112 INFO [localhost-startStop-1] org.atmosphere.cpr.AtmosphereFramework.info Atmosphere is using DefaultAtmosphereObjectFactory for dependency injection and object creation
15-Mar-2017 15:35:03.113 INFO [localhost-startStop-1] org.atmosphere.cpr.AtmosphereFramework.info Atmosphere is using async support: org.atmosphere.container.JSR356AsyncSupport running under container: Apache Tomcat/8.0.35 using javax.servlet/3.0 and jsr356/WebSocket API
15-Mar-2017 15:35:03.115 INFO [localhost-startStop-1] org.atmosphere.cpr.AtmosphereFramework.info Atmosphere Framework 2.2.7.vaadin1 started.
15-Mar-2017 15:35:03.162 INFO [localhost-startStop-1] org.atmosphere.cpr.AtmosphereFramework.interceptor Installed AtmosphereInterceptor  Track Message Size Interceptor using | with priority BEFORE_DEFAULT 
15-Mar-2017 15:35:24.377 INFO [localhost-startStop-1] org.apache.catalina.startup.HostConfig.deployDirectory Deployment of web application directory /home/elangovan/Asset_Management/build/tomcat/webapps/app has finished in 22,883 ms
15-Mar-2017 15:35:24.492 INFO [main] org.apache.coyote.AbstractProtocol.start Starting ProtocolHandler ["http-nio-8080"]
15-Mar-2017 15:35:24.536 INFO [main] org.apache.coyote.AbstractProtocol.start Starting ProtocolHandler ["ajp-nio-8009"]
15-Mar-2017 15:35:24.545 INFO [main] org.apache.catalina.startup.Catalina.start Server startup in 71648 ms
15-Mar-2017 15:35:25.093 WARNING [http-nio-8080-exec-22] com.vaadin.server.DefaultDeploymentConfiguration.checkProductionMode 
=================================================================
Vaadin is running in DEBUG MODE.
Add productionMode=true to web.xml to disable debug features.
To show debug window, add ?debug to your application URL.
=================================================================
15-Mar-2017 15:37:30.606 INFO [Thread-17] org.apache.coyote.AbstractProtocol.pause Pausing ProtocolHandler ["http-nio-8080"]
15-Mar-2017 15:37:30.691 INFO [Thread-17] org.apache.coyote.AbstractProtocol.pause Pausing ProtocolHandler ["ajp-nio-8009"]
15-Mar-2017 15:37:30.743 INFO [Thread-17] org.apache.catalina.core.StandardService.stopInternal Stopping service Catalina
15-Mar-2017 15:37:31.452 INFO [Thread-17] org.apache.coyote.AbstractProtocol.stop Stopping ProtocolHandler ["http-nio-8080"]
15-Mar-2017 15:37:31.561 INFO [Thread-17] org.apache.coyote.AbstractProtocol.stop Stopping ProtocolHandler ["ajp-nio-8009"]
15-Mar-2017 15:37:31.563 INFO [Thread-17] org.apache.coyote.AbstractProtocol.destroy Destroying ProtocolHandler ["http-nio-8080"]
15-Mar-2017 15:37:31.566 INFO [Thread-17] org.apache.coyote.AbstractProtocol.destroy Destroying ProtocolHandler ["ajp-nio-8009"]
