Performance Statistics   2017-03-14 10:57:00 - 2017-03-14 10:58:00
Tag                                                  Avg(ms)         Min         Max     Std Dev       Count
LoadClass                                                3.5           0           7         3.5           2
Messages.searchClasspath                                 0.3           0          20         1.9         284
Messages.searchFiles                                     0.1           0          29         1.8         284
Metadata.replaceExtendedMetaClasses                      3.0           3           3         0.0           2
QueryParser.getEntityName()                            173.0           8         501       231.9           3
QueryParser.getEntityNameIfSecondaryReturnedInsteadOfMain()         0.0           0           0         0.0           3
QueryParser.getEntityPathIfSecondaryReturnedInsteadOfMain()         0.0           0           0         0.0           3
QueryParser.getParamNames()                              0.3           0           1         0.5           3
QueryParser.isCollectionSecondaryEntitySelect()          0.0           0           0         0.0           2
QueryTransformer.addEntityInGroupBy(..)                  0.0           0           0         0.0           2
QueryTransformer.addFirstSelectionSource(..)             0.0           0           0         0.0           2
QueryTransformer.addWhereAsIs(..)                        1.0           0           2         1.0           2
QueryTransformer.getResult()                             1.5           0           3         1.5           2
QueryTransformer.replaceWithSelectEntityVariable(..)         2.0           1           3         1.0           2

Performance Statistics   2017-03-14 10:58:00 - 2017-03-14 10:59:00
Tag                                                  Avg(ms)         Min         Max     Std Dev       Count

Performance Statistics   2017-03-14 10:59:00 - 2017-03-14 11:00:00
Tag                                                  Avg(ms)         Min         Max     Std Dev       Count
AppFolders                                              29.0          29          29         0.0           1
LoadClass                                                3.5           0           7         3.5           2
Messages.searchClasspath                                 0.0           0           3         0.2         246
Messages.searchFiles                                     0.0           0           2         0.1         246
PersistenceSecurity.applyConstraints(..)                50.0          50          50         0.0           1
QueryParser.getEntityAlias()                             7.0           7           7         0.0           1
QueryParser.getEntityName()                              4.1           1          13         3.4          15
QueryParser.getEntityNameIfSecondaryReturnedInsteadOfMain()         0.4           0           3         0.9          14
QueryParser.getEntityPathIfSecondaryReturnedInsteadOfMain()         0.1           0           2         0.5          14
QueryParser.getParamNames()                              0.9           0          14         3.5          15
QueryParser.hasIsNullCondition(..)                      42.0          42          42         0.0           1
QueryParser.isCollectionSecondaryEntitySelect()          0.0           0           0         0.0           4
QueryTransformer.addEntityInGroupBy(..)                  0.0           0           0         0.0           4
QueryTransformer.addFirstSelectionSource(..)             1.0           0           4         1.7           4
QueryTransformer.addWhereAsIs(..)                        0.0           0           0         0.0           4
QueryTransformer.getResult()                             0.0           0           0         0.0           4
QueryTransformer.replaceWithSelectEntityVariable(..)         3.5           1           9         3.3           4
SearchFolders                                           41.0          41          41         0.0           1
Security.isEntityAttrReadPermitted(..)                   0.3           0           1         0.5           3
Security.isEntityOpPermitted(..)                         0.0           0           0         0.0           1
ViewRepository.init.ViewRepositoryClientImpl            42.0          42          42         0.0           1

Performance Statistics   2017-03-14 11:00:00 - 2017-03-14 11:01:00
Tag                                                  Avg(ms)         Min         Max     Std Dev       Count

Performance Statistics   2017-03-14 11:01:00 - 2017-03-14 11:02:00
Tag                                                  Avg(ms)         Min         Max     Std Dev       Count

Performance Statistics   2017-03-14 11:02:00 - 2017-03-14 11:03:00
Tag                                                  Avg(ms)         Min         Max     Std Dev       Count

Performance Statistics   2017-03-14 11:03:00 - 2017-03-14 11:04:00
Tag                                                  Avg(ms)         Min         Max     Std Dev       Count

Performance Statistics   2017-03-14 11:04:00 - 2017-03-14 11:05:00
Tag                                                  Avg(ms)         Min         Max     Std Dev       Count

Performance Statistics   2017-03-14 11:05:00 - 2017-03-14 11:06:00
Tag                                                  Avg(ms)         Min         Max     Std Dev       Count

Performance Statistics   2017-03-14 11:06:00 - 2017-03-14 11:07:00
Tag                                                  Avg(ms)         Min         Max     Std Dev       Count

Performance Statistics   2017-03-14 11:07:00 - 2017-03-14 11:08:00
Tag                                                  Avg(ms)         Min         Max     Std Dev       Count

Performance Statistics   2017-03-14 11:08:00 - 2017-03-14 11:09:00
Tag                                                  Avg(ms)         Min         Max     Std Dev       Count

Performance Statistics   2017-03-14 11:09:00 - 2017-03-14 11:10:00
Tag                                                  Avg(ms)         Min         Max     Std Dev       Count

Performance Statistics   2017-03-14 11:10:00 - 2017-03-14 11:11:00
Tag                                                  Avg(ms)         Min         Max     Std Dev       Count

Performance Statistics   2017-03-14 11:11:00 - 2017-03-14 11:12:00
Tag                                                  Avg(ms)         Min         Max     Std Dev       Count

Performance Statistics   2017-03-14 11:12:00 - 2017-03-14 11:13:00
Tag                                                  Avg(ms)         Min         Max     Std Dev       Count

Performance Statistics   2017-03-14 11:13:00 - 2017-03-14 11:14:00
Tag                                                  Avg(ms)         Min         Max     Std Dev       Count
LoadClass                                                1.0           0           2         0.8           3
MenuItem.sec$User.browse                              2640.0        2640        2640         0.0           1
Messages.searchClasspath                                 0.1           0           3         0.4         322
Messages.searchFiles                                     0.0           0           0         0.0         322
PersistenceSecurity.applyConstraints(..)                 3.3           2           5         1.2           3
QueryParser.getEntityAlias()                             1.0           0           2         0.7           4
QueryParser.getEntityName()                              1.9           0           9         2.7           9
QueryParser.getEntityNameIfSecondaryReturnedInsteadOfMain()         0.0           0           0         0.0           6
QueryParser.getEntityPathIfSecondaryReturnedInsteadOfMain()         0.0           0           0         0.0           6
QueryParser.getParamNames()                              0.4           0           2         0.8           9
QueryParser.hasIsNullCondition(..)                       1.3           0           2         0.9           3
Security.isEntityAttrReadPermitted(..)                   0.0           0           1         0.2         155
Security.isEntityOpPermitted(..)                         0.0           0           0         0.0           3
ViewRepository.init.ViewRepositoryImpl                  38.0          38          38         0.0           1

Performance Statistics   2017-03-14 11:14:00 - 2017-03-14 11:15:00
Tag                                                  Avg(ms)         Min         Max     Std Dev       Count

Performance Statistics   2017-03-14 11:15:00 - 2017-03-14 11:16:00
Tag                                                  Avg(ms)         Min         Max     Std Dev       Count

Performance Statistics   2017-03-14 11:16:00 - 2017-03-14 11:17:00
Tag                                                  Avg(ms)         Min         Max     Std Dev       Count

Performance Statistics   2017-03-14 11:17:00 - 2017-03-14 11:18:00
Tag                                                  Avg(ms)         Min         Max     Std Dev       Count

Performance Statistics   2017-03-14 11:18:00 - 2017-03-14 11:19:00
Tag                                                  Avg(ms)         Min         Max     Std Dev       Count

Performance Statistics   2017-03-14 11:19:00 - 2017-03-14 11:20:00
Tag                                                  Avg(ms)         Min         Max     Std Dev       Count

Performance Statistics   2017-03-14 11:20:00 - 2017-03-14 11:21:00
Tag                                                  Avg(ms)         Min         Max     Std Dev       Count

