Performance Statistics   2017-03-26 18:43:00 - 2017-03-26 18:44:00
Tag                                                  Avg(ms)         Min         Max     Std Dev       Count
Messages.searchClasspath                                 0.3           0          13         1.5         160
Messages.searchFiles                                     0.2           0          36         2.8         160
Metadata.replaceExtendedMetaClasses                      2.0           2           2         0.0           1
QueryParser.getEntityName()                            147.7           5         429       198.9           3
QueryParser.getEntityNameIfSecondaryReturnedInsteadOfMain()         0.0           0           0         0.0           3
QueryParser.getEntityPathIfSecondaryReturnedInsteadOfMain()         0.0           0           0         0.0           3
QueryParser.getParamNames()                              0.3           0           1         0.5           3
QueryParser.isCollectionSecondaryEntitySelect()          0.0           0           0         0.0           2
QueryTransformer.addEntityInGroupBy(..)                  0.0           0           0         0.0           2
QueryTransformer.addFirstSelectionSource(..)             0.0           0           0         0.0           2
QueryTransformer.addWhereAsIs(..)                        2.5           2           3         0.5           2
QueryTransformer.getResult()                             3.5           0           7         3.5           2
QueryTransformer.replaceWithSelectEntityVariable(..)         6.0           3           9         3.0           2

Performance Statistics   2017-03-26 18:44:00 - 2017-03-26 18:45:00
Tag                                                  Avg(ms)         Min         Max     Std Dev       Count
AppFolders                                              61.0          61          61         0.0           1
LoadClass                                                2.5           0           4         1.7           4
Messages.searchClasspath                                 0.1           0           5         0.5         370
Messages.searchFiles                                     0.0           0           3         0.2         370
Metadata.replaceExtendedMetaClasses                      3.0           3           3         0.0           1
PersistenceSecurity.applyConstraints(..)               265.0         265         265         0.0           1
QueryParser.getEntityAlias()                             8.0           8           8         0.0           1
QueryParser.getEntityName()                              5.5           1          20         6.0          12
QueryParser.getEntityNameIfSecondaryReturnedInsteadOfMain()         0.4           0           3         0.9          11
QueryParser.getEntityPathIfSecondaryReturnedInsteadOfMain()         0.1           0           1         0.3          11
QueryParser.getParamNames()                              1.6           0          19         5.3          12
QueryParser.hasIsNullCondition(..)                      74.0          74          74         0.0           1
QueryParser.isCollectionSecondaryEntitySelect()          0.0           0           0         0.0           2
QueryTransformer.addEntityInGroupBy(..)                  0.0           0           0         0.0           2
QueryTransformer.addFirstSelectionSource(..)             2.0           0           4         2.0           2
QueryTransformer.addWhereAsIs(..)                        0.5           0           1         0.5           2
QueryTransformer.getResult()                             0.0           0           0         0.0           2
QueryTransformer.replaceWithSelectEntityVariable(..)         4.0           1           7         3.0           2
SearchFolders                                           58.0          58          58         0.0           1
Security.isEntityAttrReadPermitted(..)                   0.0           0           0         0.0           3
Security.isEntityOpPermitted(..)                         0.0           0           0         0.0           1
ViewRepository.init.ViewRepositoryClientImpl            32.0          32          32         0.0           1

Performance Statistics   2017-03-26 18:48:00 - 2017-03-26 18:49:00
Tag                                                  Avg(ms)         Min         Max     Std Dev       Count
Messages.searchClasspath                                 1.0           0          32         4.4          60
Messages.searchFiles                                     0.6           0          30         3.9          60

Performance Statistics   2017-03-26 18:49:00 - 2017-03-26 18:50:00
Tag                                                  Avg(ms)         Min         Max     Std Dev       Count
AppFolders                                              42.0          42          42         0.0           1
LoadClass                                                1.8           0           6         2.5           4
Messages.searchClasspath                                 0.3           0          34         2.3         452
Messages.searchFiles                                     0.1           0          16         1.0         452
Metadata.replaceExtendedMetaClasses                      2.5           2           3         0.5           2
PersistenceSecurity.applyConstraints(..)                44.0          44          44         0.0           1
QueryParser.getEntityAlias()                            11.0          11          11         0.0           1
QueryParser.getEntityName()                             36.3           1         451       111.0          15
QueryParser.getEntityNameIfSecondaryReturnedInsteadOfMain()         0.1           0           1         0.3          14
QueryParser.getEntityPathIfSecondaryReturnedInsteadOfMain()         0.1           0           1         0.3          14
QueryParser.getParamNames()                              0.9           0          10         2.5          15
QueryParser.hasIsNullCondition(..)                      32.0          32          32         0.0           1
QueryParser.isCollectionSecondaryEntitySelect()          0.0           0           0         0.0           4
QueryTransformer.addEntityInGroupBy(..)                  0.3           0           1         0.4           4
QueryTransformer.addFirstSelectionSource(..)             0.3           0           1         0.4           4
QueryTransformer.addWhereAsIs(..)                        0.8           0           3         1.3           4
QueryTransformer.getResult()                             0.8           0           3         1.3           4
QueryTransformer.replaceWithSelectEntityVariable(..)         5.0           1          14         5.2           4
SearchFolders                                           82.0          82          82         0.0           1
Security.isEntityAttrReadPermitted(..)                   0.3           0           1         0.5           3
Security.isEntityOpPermitted(..)                         0.0           0           0         0.0           1
ViewRepository.init.ViewRepositoryClientImpl            47.0          47          47         0.0           1

Performance Statistics   2017-03-26 19:19:00 - 2017-03-26 19:20:00
Tag                                                  Avg(ms)         Min         Max     Std Dev       Count
AppFolders                                              42.0          42          42         0.0           1
LoadClass                                                1.0           0           3         1.2           4
Messages.searchClasspath                                 0.2           0          12         1.0         512
Messages.searchFiles                                     0.1           0          42         1.9         512
Metadata.replaceExtendedMetaClasses                      2.0           2           2         0.0           2
PersistenceSecurity.applyConstraints(..)                75.0          75          75         0.0           1
QueryParser.getEntityAlias()                             9.0           9           9         0.0           1
QueryParser.getEntityName()                             46.7           1         602       148.5          15
QueryParser.getEntityNameIfSecondaryReturnedInsteadOfMain()         0.3           0           3         0.8          14
QueryParser.getEntityPathIfSecondaryReturnedInsteadOfMain()         0.2           0           3         0.8          14
QueryParser.getParamNames()                              0.8           0          11         2.7          15
QueryParser.hasIsNullCondition(..)                      55.0          55          55         0.0           1
QueryParser.isCollectionSecondaryEntitySelect()          0.0           0           0         0.0           4
QueryTransformer.addEntityInGroupBy(..)                  0.0           0           0         0.0           4
QueryTransformer.addFirstSelectionSource(..)             1.0           0           4         1.7           4
QueryTransformer.addWhereAsIs(..)                        1.3           0           3         1.3           4
QueryTransformer.getResult()                             1.0           0           4         1.7           4
QueryTransformer.replaceWithSelectEntityVariable(..)         2.0           1           3         0.7           4
SearchFolders                                           70.0          70          70         0.0           1
Security.isEntityAttrReadPermitted(..)                   2.3           0           7         3.3           3
Security.isEntityOpPermitted(..)                         0.0           0           0         0.0           1
ViewRepository.init.ViewRepositoryClientImpl            61.0          61          61         0.0           1

Performance Statistics   2017-03-26 19:20:00 - 2017-03-26 19:21:00
Tag                                                  Avg(ms)         Min         Max     Std Dev       Count

Performance Statistics   2017-03-26 19:21:00 - 2017-03-26 19:22:00
Tag                                                  Avg(ms)         Min         Max     Std Dev       Count
LoadClass                                                0.0           0           0         0.0           2
QueryParser.getEntityName()                              4.0           1           7         2.4           3
QueryParser.getEntityNameIfSecondaryReturnedInsteadOfMain()         0.0           0           0         0.0           3
QueryParser.getEntityPathIfSecondaryReturnedInsteadOfMain()         1.0           0           3         1.4           3
QueryParser.getParamNames()                              0.0           0           0         0.0           3
QueryParser.isCollectionSecondaryEntitySelect()          0.0           0           0         0.0           2
QueryTransformer.addEntityInGroupBy(..)                  0.0           0           0         0.0           2
QueryTransformer.addFirstSelectionSource(..)             0.5           0           1         0.5           2
QueryTransformer.addWhereAsIs(..)                        0.0           0           0         0.0           2
QueryTransformer.getResult()                             0.0           0           0         0.0           2
QueryTransformer.replaceWithSelectEntityVariable(..)         2.5           1           4         1.5           2

Performance Statistics   2017-03-26 19:24:00 - 2017-03-26 19:25:00
Tag                                                  Avg(ms)         Min         Max     Std Dev       Count
Messages.searchClasspath                                 0.2           0           6         1.0          60
Messages.searchFiles                                     5.5           0         332        42.5          60

Performance Statistics   2017-03-26 19:25:00 - 2017-03-26 19:26:00
Tag                                                  Avg(ms)         Min         Max     Std Dev       Count
LoadClass                                               12.5           0          25        12.5           2
Messages.searchClasspath                                 0.5           0          15         2.1         206
Messages.searchFiles                                     0.0           0           3         0.3         206
Metadata.replaceExtendedMetaClasses                      4.0           3           5         1.0           2
QueryParser.getEntityName()                            377.7           4        1119       524.2           3
QueryParser.getEntityNameIfSecondaryReturnedInsteadOfMain()         0.0           0           0         0.0           3
QueryParser.getEntityPathIfSecondaryReturnedInsteadOfMain()         0.0           0           0         0.0           3
QueryParser.getParamNames()                              0.3           0           1         0.5           3
QueryParser.isCollectionSecondaryEntitySelect()          0.0           0           0         0.0           2
QueryTransformer.addEntityInGroupBy(..)                  0.0           0           0         0.0           2
QueryTransformer.addFirstSelectionSource(..)             0.0           0           0         0.0           2
QueryTransformer.addWhereAsIs(..)                        1.0           0           2         1.0           2
QueryTransformer.getResult()                             1.5           0           3         1.5           2
QueryTransformer.replaceWithSelectEntityVariable(..)         2.0           1           3         1.0           2

Performance Statistics   2017-03-26 19:26:00 - 2017-03-26 19:27:00
Tag                                                  Avg(ms)         Min         Max     Std Dev       Count
AppFolders                                              65.0          65          65         0.0           1
LoadClass                                                0.3           0           1         0.4           4
Messages.searchClasspath                                 0.1           0          11         0.9         246
Messages.searchFiles                                     0.1           0           7         0.5         246
PersistenceSecurity.applyConstraints(..)                83.0          83          83         0.0           1
QueryParser.getEntityAlias()                             6.0           6           6         0.0           1
QueryParser.getEntityName()                              4.8           1          13         3.1          12
QueryParser.getEntityNameIfSecondaryReturnedInsteadOfMain()         0.1           0           1         0.3          11
QueryParser.getEntityPathIfSecondaryReturnedInsteadOfMain()         0.0           0           0         0.0          11
QueryParser.getParamNames()                              1.6           0          12         3.5          12
QueryParser.hasIsNullCondition(..)                      25.0          25          25         0.0           1
QueryParser.isCollectionSecondaryEntitySelect()          0.5           0           1         0.5           2
QueryTransformer.addEntityInGroupBy(..)                  0.0           0           0         0.0           2
QueryTransformer.addFirstSelectionSource(..)             0.0           0           0         0.0           2
QueryTransformer.addWhereAsIs(..)                        0.0           0           0         0.0           2
QueryTransformer.getResult()                             0.0           0           0         0.0           2
QueryTransformer.replaceWithSelectEntityVariable(..)         1.5           1           2         0.5           2
SearchFolders                                           54.0          54          54         0.0           1
Security.isEntityAttrReadPermitted(..)                   1.0           0           3         1.4           3
Security.isEntityOpPermitted(..)                         0.0           0           0         0.0           1
ViewRepository.init.ViewRepositoryClientImpl            53.0          53          53         0.0           1

Performance Statistics   2017-03-26 19:27:00 - 2017-03-26 19:28:00
Tag                                                  Avg(ms)         Min         Max     Std Dev       Count

Performance Statistics   2017-03-26 19:29:00 - 2017-03-26 19:30:00
Tag                                                  Avg(ms)         Min         Max     Std Dev       Count
Messages.searchClasspath                                 1.3           0          99         8.7         160
Messages.searchFiles                                     0.4           0          42         3.3         160
Metadata.replaceExtendedMetaClasses                     10.0          10          10         0.0           1
QueryParser.getEntityName()                            139.7           5         406       188.3           3
QueryParser.getEntityNameIfSecondaryReturnedInsteadOfMain()         0.0           0           0         0.0           3
QueryParser.getEntityPathIfSecondaryReturnedInsteadOfMain()         0.0           0           0         0.0           3
QueryParser.getParamNames()                              0.3           0           1         0.5           3
QueryParser.isCollectionSecondaryEntitySelect()          0.0           0           0         0.0           2
QueryTransformer.addEntityInGroupBy(..)                  0.0           0           0         0.0           2
QueryTransformer.addFirstSelectionSource(..)             0.0           0           0         0.0           2
QueryTransformer.addWhereAsIs(..)                        1.0           0           2         1.0           2
QueryTransformer.getResult()                             1.5           0           3         1.5           2
QueryTransformer.replaceWithSelectEntityVariable(..)         2.0           1           3         1.0           2

Performance Statistics   2017-03-26 19:30:00 - 2017-03-26 19:31:00
Tag                                                  Avg(ms)         Min         Max     Std Dev       Count
AppFolders                                              79.0          79          79         0.0           1
LoadClass                                                4.5           0          15         6.1           4
Messages.searchClasspath                                 0.3           0          44         2.6         352
Messages.searchFiles                                     0.1           0          11         0.7         352
Metadata.replaceExtendedMetaClasses                      2.0           2           2         0.0           1
PersistenceSecurity.applyConstraints(..)                56.0          56          56         0.0           1
QueryParser.getEntityAlias()                            43.0          43          43         0.0           1
QueryParser.getEntityName()                              8.3           1          19         6.1          12
QueryParser.getEntityNameIfSecondaryReturnedInsteadOfMain()         0.8           0           8         2.3          11
QueryParser.getEntityPathIfSecondaryReturnedInsteadOfMain()         0.5           0           6         1.7          11
QueryParser.getParamNames()                              0.5           0           6         1.7          12
QueryParser.hasIsNullCondition(..)                      58.0          58          58         0.0           1
QueryParser.isCollectionSecondaryEntitySelect()          0.0           0           0         0.0           2
QueryTransformer.addEntityInGroupBy(..)                  0.0           0           0         0.0           2
QueryTransformer.addFirstSelectionSource(..)             0.0           0           0         0.0           2
QueryTransformer.addWhereAsIs(..)                        0.5           0           1         0.5           2
QueryTransformer.getResult()                             0.0           0           0         0.0           2
QueryTransformer.replaceWithSelectEntityVariable(..)         2.5           2           3         0.5           2
SearchFolders                                          139.0         139         139         0.0           1
Security.isEntityAttrReadPermitted(..)                   0.0           0           0         0.0           3
Security.isEntityOpPermitted(..)                         0.0           0           0         0.0           1
ViewRepository.init.ViewRepositoryClientImpl            43.0          43          43         0.0           1

Performance Statistics   2017-03-26 19:31:00 - 2017-03-26 19:32:00
Tag                                                  Avg(ms)         Min         Max     Std Dev       Count

Performance Statistics   2017-03-26 19:32:00 - 2017-03-26 19:33:00
Tag                                                  Avg(ms)         Min         Max     Std Dev       Count

Performance Statistics   2017-03-26 19:33:00 - 2017-03-26 19:34:00
Tag                                                  Avg(ms)         Min         Max     Std Dev       Count

Performance Statistics   2017-03-26 19:34:00 - 2017-03-26 19:35:00
Tag                                                  Avg(ms)         Min         Max     Std Dev       Count

Performance Statistics   2017-03-26 19:35:00 - 2017-03-26 19:36:00
Tag                                                  Avg(ms)         Min         Max     Std Dev       Count

Performance Statistics   2017-03-26 19:36:00 - 2017-03-26 19:37:00
Tag                                                  Avg(ms)         Min         Max     Std Dev       Count

Performance Statistics   2017-03-26 19:37:00 - 2017-03-26 19:38:00
Tag                                                  Avg(ms)         Min         Max     Std Dev       Count

Performance Statistics   2017-03-26 19:38:00 - 2017-03-26 19:39:00
Tag                                                  Avg(ms)         Min         Max     Std Dev       Count

Performance Statistics   2017-03-26 19:39:00 - 2017-03-26 19:40:00
Tag                                                  Avg(ms)         Min         Max     Std Dev       Count

Performance Statistics   2017-03-26 19:40:00 - 2017-03-26 19:41:00
Tag                                                  Avg(ms)         Min         Max     Std Dev       Count

Performance Statistics   2017-03-26 19:41:00 - 2017-03-26 19:42:00
Tag                                                  Avg(ms)         Min         Max     Std Dev       Count

Performance Statistics   2017-03-26 19:42:00 - 2017-03-26 19:43:00
Tag                                                  Avg(ms)         Min         Max     Std Dev       Count

Performance Statistics   2017-03-26 19:43:00 - 2017-03-26 19:44:00
Tag                                                  Avg(ms)         Min         Max     Std Dev       Count

Performance Statistics   2017-03-26 19:44:00 - 2017-03-26 19:45:00
Tag                                                  Avg(ms)         Min         Max     Std Dev       Count

Performance Statistics   2017-03-26 19:45:00 - 2017-03-26 19:46:00
Tag                                                  Avg(ms)         Min         Max     Std Dev       Count

Performance Statistics   2017-03-26 19:46:00 - 2017-03-26 19:47:00
Tag                                                  Avg(ms)         Min         Max     Std Dev       Count

Performance Statistics   2017-03-26 19:57:00 - 2017-03-26 19:58:00
Tag                                                  Avg(ms)         Min         Max     Std Dev       Count
Messages.searchClasspath                                 0.4           0          12         1.7          60
Messages.searchFiles                                     0.6           0          34         4.4          60
Metadata.replaceExtendedMetaClasses                      3.0           3           3         0.0           1
QueryParser.getEntityName()                            174.0          10         495       227.0           3
QueryParser.getEntityNameIfSecondaryReturnedInsteadOfMain()         0.0           0           0         0.0           3
QueryParser.getEntityPathIfSecondaryReturnedInsteadOfMain()         0.0           0           0         0.0           3
QueryParser.getParamNames()                              0.3           0           1         0.5           3
QueryParser.isCollectionSecondaryEntitySelect()          0.0           0           0         0.0           2
QueryTransformer.addEntityInGroupBy(..)                  0.0           0           0         0.0           2
QueryTransformer.addFirstSelectionSource(..)             0.5           0           1         0.5           2
QueryTransformer.addWhereAsIs(..)                        1.0           0           2         1.0           2
QueryTransformer.getResult()                             1.5           0           3         1.5           2
QueryTransformer.replaceWithSelectEntityVariable(..)         4.0           3           5         1.0           2

Performance Statistics   2017-03-26 19:58:00 - 2017-03-26 19:59:00
Tag                                                  Avg(ms)         Min         Max     Std Dev       Count
AppFolders                                              36.0          36          36         0.0           1
LoadClass                                                1.3           0           3         1.3           4
Messages.searchClasspath                                 0.2           0          12         1.0         464
Messages.searchFiles                                     0.1           0          10         0.7         464
Metadata.replaceExtendedMetaClasses                      5.0           5           5         0.0           1
PersistenceSecurity.applyConstraints(..)                29.0          29          29         0.0           1
QueryParser.getEntityAlias()                             5.0           5           5         0.0           1
QueryParser.getEntityName()                              3.2           1           8         2.3          12
QueryParser.getEntityNameIfSecondaryReturnedInsteadOfMain()         0.4           0           3         0.9          11
QueryParser.getEntityPathIfSecondaryReturnedInsteadOfMain()         0.6           0           6         1.7          11
QueryParser.getParamNames()                              0.7           0           8         2.2          12
QueryParser.hasIsNullCondition(..)                      26.0          26          26         0.0           1
QueryParser.isCollectionSecondaryEntitySelect()          0.0           0           0         0.0           2
QueryTransformer.addEntityInGroupBy(..)                  0.0           0           0         0.0           2
QueryTransformer.addFirstSelectionSource(..)             0.0           0           0         0.0           2
QueryTransformer.addWhereAsIs(..)                        0.5           0           1         0.5           2
QueryTransformer.getResult()                             1.0           0           2         1.0           2
QueryTransformer.replaceWithSelectEntityVariable(..)         3.5           2           5         1.5           2
SearchFolders                                           89.0          89          89         0.0           1
Security.isEntityAttrReadPermitted(..)                   0.0           0           0         0.0           3
Security.isEntityOpPermitted(..)                         0.0           0           0         0.0           1
ViewRepository.init.ViewRepositoryClientImpl            51.0          51          51         0.0           1

Performance Statistics   2017-03-26 19:59:00 - 2017-03-26 20:00:00
Tag                                                  Avg(ms)         Min         Max     Std Dev       Count

Performance Statistics   2017-03-26 20:00:00 - 2017-03-26 20:01:00
Tag                                                  Avg(ms)         Min         Max     Std Dev       Count

Performance Statistics   2017-03-26 20:01:00 - 2017-03-26 20:02:00
Tag                                                  Avg(ms)         Min         Max     Std Dev       Count

Performance Statistics   2017-03-26 20:02:00 - 2017-03-26 20:03:00
Tag                                                  Avg(ms)         Min         Max     Std Dev       Count

Performance Statistics   2017-03-26 20:03:00 - 2017-03-26 20:04:00
Tag                                                  Avg(ms)         Min         Max     Std Dev       Count

Performance Statistics   2017-03-26 20:04:00 - 2017-03-26 20:05:00
Tag                                                  Avg(ms)         Min         Max     Std Dev       Count

Performance Statistics   2017-03-26 20:06:00 - 2017-03-26 20:07:00
Tag                                                  Avg(ms)         Min         Max     Std Dev       Count
Messages.searchClasspath                                 0.2           0           6         0.9          60
Messages.searchFiles                                     0.8           0          41         5.3          60
Metadata.replaceExtendedMetaClasses                      3.0           3           3         0.0           1
QueryParser.getEntityName()                            499.0         499         499         0.0           1
QueryParser.getParamNames()                              2.0           2           2         0.0           1

Performance Statistics   2017-03-26 20:07:00 - 2017-03-26 20:08:00
Tag                                                  Avg(ms)         Min         Max     Std Dev       Count
AppFolders                                              33.0          33          33         0.0           1
LoadClass                                                2.0           0           5         2.1           4
Messages.searchClasspath                                 0.3           0          48         2.5         464
Messages.searchFiles                                     0.2           0          48         2.3         464
Metadata.replaceExtendedMetaClasses                      4.0           4           4         0.0           1
PersistenceSecurity.applyConstraints(..)                43.0          43          43         0.0           1
QueryParser.getEntityAlias()                             6.0           6           6         0.0           1
QueryParser.getEntityName()                              7.4           1          27         7.0          14
QueryParser.getEntityNameIfSecondaryReturnedInsteadOfMain()         0.4           0           6         1.5          14
QueryParser.getEntityPathIfSecondaryReturnedInsteadOfMain()         0.1           0           1         0.3          14
QueryParser.getParamNames()                              1.1           0          13         3.3          14
QueryParser.hasIsNullCondition(..)                      22.0          22          22         0.0           1
QueryParser.isCollectionSecondaryEntitySelect()          0.0           0           0         0.0           4
QueryTransformer.addEntityInGroupBy(..)                  0.0           0           0         0.0           4
QueryTransformer.addFirstSelectionSource(..)             0.0           0           0         0.0           4
QueryTransformer.addWhereAsIs(..)                        0.5           0           2         0.9           4
QueryTransformer.getResult()                             1.0           0           4         1.7           4
QueryTransformer.replaceWithSelectEntityVariable(..)         3.0           1           5         1.6           4
SearchFolders                                           62.0          62          62         0.0           1
Security.isEntityAttrReadPermitted(..)                   0.7           0           2         0.9           3
Security.isEntityOpPermitted(..)                         0.0           0           0         0.0           1
ViewRepository.init.ViewRepositoryClientImpl            34.0          34          34         0.0           1

Performance Statistics   2017-03-26 20:08:00 - 2017-03-26 20:09:00
Tag                                                  Avg(ms)         Min         Max     Std Dev       Count

Performance Statistics   2017-03-26 20:10:00 - 2017-03-26 20:11:00
Tag                                                  Avg(ms)         Min         Max     Std Dev       Count
AppFolders                                              87.0          87          87         0.0           1
LoadClass                                                2.5           0           7         2.9           4
Messages.searchClasspath                                 0.2           0          21         1.6         524
Messages.searchFiles                                     0.1           0          21         1.0         524
Metadata.replaceExtendedMetaClasses                      2.0           2           2         0.0           2
PersistenceSecurity.applyConstraints(..)                19.0          19          19         0.0           1
QueryParser.getEntityAlias()                             7.0           7           7         0.0           1
QueryParser.getEntityName()                             31.5           1         409       101.0          15
QueryParser.getEntityNameIfSecondaryReturnedInsteadOfMain()         0.0           0           0         0.0          14
QueryParser.getEntityPathIfSecondaryReturnedInsteadOfMain()         0.0           0           0         0.0          14
QueryParser.getParamNames()                              0.8           0           6         1.9          15
QueryParser.hasIsNullCondition(..)                      37.0          37          37         0.0           1
QueryParser.isCollectionSecondaryEntitySelect()          0.0           0           0         0.0           4
QueryTransformer.addEntityInGroupBy(..)                  0.0           0           0         0.0           4
QueryTransformer.addFirstSelectionSource(..)             0.0           0           0         0.0           4
QueryTransformer.addWhereAsIs(..)                        1.0           0           2         0.7           4
QueryTransformer.getResult()                             0.8           0           3         1.3           4
QueryTransformer.replaceWithSelectEntityVariable(..)         3.3           2           6         1.6           4
SearchFolders                                           49.0          49          49         0.0           1
Security.isEntityAttrReadPermitted(..)                   0.3           0           1         0.5           3
Security.isEntityOpPermitted(..)                         0.0           0           0         0.0           1
ViewRepository.init.ViewRepositoryClientImpl            38.0          38          38         0.0           1

