/*C2*/SET SCHEMA PUBLIC
DISCONNECT
/*C3*/SET SCHEMA PUBLIC
DISCONNECT
/*C4*/SET SCHEMA PUBLIC
DISCONNECT
/*C5*/SET SCHEMA PUBLIC
DISCONNECT
/*C6*/SET SCHEMA PUBLIC
DISCONNECT
/*C7*/SET SCHEMA PUBLIC
DISCONNECT
/*C9*/SET SCHEMA PUBLIC
DISCONNECT
/*C8*/SET SCHEMA PUBLIC
DISCONNECT
/*C10*/SET SCHEMA PUBLIC
DISCONNECT
/*C11*/SET SCHEMA PUBLIC
DISCONNECT
/*C12*/SET SCHEMA PUBLIC
DISCONNECT
/*C13*/SET SCHEMA PUBLIC
DELETE FROM SYS_SERVER WHERE ID='b00fff4f-093b-e45f-f244-c57b1844d310'
INSERT INTO SYS_SERVER VALUES('b00fff4f-093b-e45f-f244-c57b1844d310','2017-03-14 10:57:58.281000',NULL,'2017-03-26 18:44:00.692000',NULL,'localhost:8080/app-core',TRUE,NULL)
COMMIT
DELETE FROM SYS_SERVER WHERE ID='b00fff4f-093b-e45f-f244-c57b1844d310'
INSERT INTO SYS_SERVER VALUES('b00fff4f-093b-e45f-f244-c57b1844d310','2017-03-14 10:57:58.281000',NULL,'2017-03-26 18:44:59.099000',NULL,'localhost:8080/app-core',FALSE,NULL)
COMMIT
DISCONNECT
/*C14*/SET SCHEMA PUBLIC
DISCONNECT
/*C15*/SET SCHEMA PUBLIC
DISCONNECT
/*C16*/SET SCHEMA PUBLIC
DISCONNECT
/*C17*/SET SCHEMA PUBLIC
DISCONNECT
/*C19*/SET SCHEMA PUBLIC
DISCONNECT
/*C18*/SET SCHEMA PUBLIC
DISCONNECT
/*C20*/SET SCHEMA PUBLIC
DISCONNECT
/*C21*/SET SCHEMA PUBLIC
DISCONNECT
/*C22*/SET SCHEMA PUBLIC
DISCONNECT
/*C23*/SET SCHEMA PUBLIC
DELETE FROM SYS_SERVER WHERE ID='b00fff4f-093b-e45f-f244-c57b1844d310'
INSERT INTO SYS_SERVER VALUES('b00fff4f-093b-e45f-f244-c57b1844d310','2017-03-14 10:57:58.281000',NULL,'2017-03-26 18:49:35.243000',NULL,'localhost:8080/app-core',TRUE,NULL)
COMMIT
DELETE FROM SYS_SERVER WHERE ID='b00fff4f-093b-e45f-f244-c57b1844d310'
INSERT INTO SYS_SERVER VALUES('b00fff4f-093b-e45f-f244-c57b1844d310','2017-03-14 10:57:58.281000',NULL,'2017-03-26 18:50:35.237000',NULL,'localhost:8080/app-core',TRUE,NULL)
COMMIT
DELETE FROM SYS_SERVER WHERE ID='b00fff4f-093b-e45f-f244-c57b1844d310'
INSERT INTO SYS_SERVER VALUES('b00fff4f-093b-e45f-f244-c57b1844d310','2017-03-14 10:57:58.281000',NULL,'2017-03-26 18:51:29.475000',NULL,'localhost:8080/app-core',FALSE,NULL)
COMMIT
DISCONNECT
/*C24*/SET SCHEMA PUBLIC
DISCONNECT
/*C25*/SET SCHEMA PUBLIC
DISCONNECT
/*C26*/SET SCHEMA PUBLIC
DISCONNECT
/*C27*/SET SCHEMA PUBLIC
DISCONNECT
/*C29*/SET SCHEMA PUBLIC
DISCONNECT
/*C28*/SET SCHEMA PUBLIC
DISCONNECT
/*C30*/SET SCHEMA PUBLIC
DISCONNECT
/*C31*/SET SCHEMA PUBLIC
DISCONNECT
/*C32*/SET SCHEMA PUBLIC
DISCONNECT
/*C33*/SET SCHEMA PUBLIC
DELETE FROM SYS_SERVER WHERE ID='b00fff4f-093b-e45f-f244-c57b1844d310'
INSERT INTO SYS_SERVER VALUES('b00fff4f-093b-e45f-f244-c57b1844d310','2017-03-14 10:57:58.281000',NULL,'2017-03-26 19:19:51.324000',NULL,'localhost:8080/app-core',TRUE,NULL)
COMMIT
DELETE FROM SYS_SERVER WHERE ID='b00fff4f-093b-e45f-f244-c57b1844d310'
INSERT INTO SYS_SERVER VALUES('b00fff4f-093b-e45f-f244-c57b1844d310','2017-03-14 10:57:58.281000',NULL,'2017-03-26 19:20:51.320000',NULL,'localhost:8080/app-core',TRUE,NULL)
COMMIT
DELETE FROM SYS_SERVER WHERE ID='b00fff4f-093b-e45f-f244-c57b1844d310'
INSERT INTO SYS_SERVER VALUES('b00fff4f-093b-e45f-f244-c57b1844d310','2017-03-14 10:57:58.281000',NULL,'2017-03-26 19:21:46.608000',NULL,'localhost:8080/app-core',FALSE,NULL)
COMMIT
DISCONNECT
/*C34*/SET SCHEMA PUBLIC
DISCONNECT
/*C35*/SET SCHEMA PUBLIC
DISCONNECT
/*C36*/SET SCHEMA PUBLIC
DISCONNECT
/*C37*/SET SCHEMA PUBLIC
DISCONNECT
/*C39*/SET SCHEMA PUBLIC
DISCONNECT
/*C38*/SET SCHEMA PUBLIC
DISCONNECT
/*C40*/SET SCHEMA PUBLIC
DISCONNECT
/*C41*/SET SCHEMA PUBLIC
DISCONNECT
/*C42*/SET SCHEMA PUBLIC
DISCONNECT
/*C43*/SET SCHEMA PUBLIC
DISCONNECT
/*C44*/SET SCHEMA PUBLIC
DISCONNECT
/*C45*/SET SCHEMA PUBLIC
DISCONNECT
/*C47*/SET SCHEMA PUBLIC
DISCONNECT
/*C46*/SET SCHEMA PUBLIC
DISCONNECT
/*C48*/SET SCHEMA PUBLIC
DISCONNECT
/*C49*/SET SCHEMA PUBLIC
DISCONNECT
/*C50*/SET SCHEMA PUBLIC
DISCONNECT
/*C51*/SET SCHEMA PUBLIC
DELETE FROM SYS_SERVER WHERE ID='b00fff4f-093b-e45f-f244-c57b1844d310'
INSERT INTO SYS_SERVER VALUES('b00fff4f-093b-e45f-f244-c57b1844d310','2017-03-14 10:57:58.281000',NULL,'2017-03-26 19:25:41.172000',NULL,'localhost:8080/app-core',TRUE,NULL)
COMMIT
DELETE FROM SYS_SERVER WHERE ID='b00fff4f-093b-e45f-f244-c57b1844d310'
INSERT INTO SYS_SERVER VALUES('b00fff4f-093b-e45f-f244-c57b1844d310','2017-03-14 10:57:58.281000',NULL,'2017-03-26 19:26:41.158000',NULL,'localhost:8080/app-core',TRUE,NULL)
COMMIT
DELETE FROM SYS_SERVER WHERE ID='b00fff4f-093b-e45f-f244-c57b1844d310'
INSERT INTO SYS_SERVER VALUES('b00fff4f-093b-e45f-f244-c57b1844d310','2017-03-14 10:57:58.281000',NULL,'2017-03-26 19:27:41.159000',NULL,'localhost:8080/app-core',TRUE,NULL)
COMMIT
DELETE FROM SYS_SERVER WHERE ID='b00fff4f-093b-e45f-f244-c57b1844d310'
INSERT INTO SYS_SERVER VALUES('b00fff4f-093b-e45f-f244-c57b1844d310','2017-03-14 10:57:58.281000',NULL,'2017-03-26 19:28:41.159000',NULL,'localhost:8080/app-core',TRUE,NULL)
COMMIT
/*C52*/SET SCHEMA PUBLIC
DISCONNECT
/*C53*/SET SCHEMA PUBLIC
DISCONNECT
/*C54*/SET SCHEMA PUBLIC
DISCONNECT
/*C55*/SET SCHEMA PUBLIC
DISCONNECT
/*C57*/SET SCHEMA PUBLIC
DISCONNECT
/*C56*/SET SCHEMA PUBLIC
DISCONNECT
/*C58*/SET SCHEMA PUBLIC
DISCONNECT
/*C59*/SET SCHEMA PUBLIC
DISCONNECT
/*C51*/DELETE FROM SYS_SERVER WHERE ID='b00fff4f-093b-e45f-f244-c57b1844d310'
INSERT INTO SYS_SERVER VALUES('b00fff4f-093b-e45f-f244-c57b1844d310','2017-03-14 10:57:58.281000',NULL,'2017-03-26 19:28:48.045000',NULL,'localhost:8080/app-core',FALSE,NULL)
COMMIT
DISCONNECT
/*C60*/SET SCHEMA PUBLIC
DISCONNECT
/*C61*/SET SCHEMA PUBLIC
DELETE FROM SYS_SERVER WHERE ID='b00fff4f-093b-e45f-f244-c57b1844d310'
INSERT INTO SYS_SERVER VALUES('b00fff4f-093b-e45f-f244-c57b1844d310','2017-03-14 10:57:58.281000',NULL,'2017-03-26 19:30:07.842000',NULL,'localhost:8080/app-core',TRUE,NULL)
COMMIT
DELETE FROM SYS_SERVER WHERE ID='b00fff4f-093b-e45f-f244-c57b1844d310'
INSERT INTO SYS_SERVER VALUES('b00fff4f-093b-e45f-f244-c57b1844d310','2017-03-14 10:57:58.281000',NULL,'2017-03-26 19:31:07.812000',NULL,'localhost:8080/app-core',TRUE,NULL)
COMMIT
DELETE FROM SYS_SERVER WHERE ID='b00fff4f-093b-e45f-f244-c57b1844d310'
INSERT INTO SYS_SERVER VALUES('b00fff4f-093b-e45f-f244-c57b1844d310','2017-03-14 10:57:58.281000',NULL,'2017-03-26 19:32:07.812000',NULL,'localhost:8080/app-core',TRUE,NULL)
COMMIT
DELETE FROM SYS_SERVER WHERE ID='b00fff4f-093b-e45f-f244-c57b1844d310'
INSERT INTO SYS_SERVER VALUES('b00fff4f-093b-e45f-f244-c57b1844d310','2017-03-14 10:57:58.281000',NULL,'2017-03-26 19:33:07.813000',NULL,'localhost:8080/app-core',TRUE,NULL)
COMMIT
DELETE FROM SYS_SERVER WHERE ID='b00fff4f-093b-e45f-f244-c57b1844d310'
INSERT INTO SYS_SERVER VALUES('b00fff4f-093b-e45f-f244-c57b1844d310','2017-03-14 10:57:58.281000',NULL,'2017-03-26 19:34:07.812000',NULL,'localhost:8080/app-core',TRUE,NULL)
COMMIT
DELETE FROM SYS_SERVER WHERE ID='b00fff4f-093b-e45f-f244-c57b1844d310'
INSERT INTO SYS_SERVER VALUES('b00fff4f-093b-e45f-f244-c57b1844d310','2017-03-14 10:57:58.281000',NULL,'2017-03-26 19:35:07.812000',NULL,'localhost:8080/app-core',TRUE,NULL)
COMMIT
DELETE FROM SYS_SERVER WHERE ID='b00fff4f-093b-e45f-f244-c57b1844d310'
INSERT INTO SYS_SERVER VALUES('b00fff4f-093b-e45f-f244-c57b1844d310','2017-03-14 10:57:58.281000',NULL,'2017-03-26 19:36:07.812000',NULL,'localhost:8080/app-core',TRUE,NULL)
COMMIT
DELETE FROM SYS_SERVER WHERE ID='b00fff4f-093b-e45f-f244-c57b1844d310'
INSERT INTO SYS_SERVER VALUES('b00fff4f-093b-e45f-f244-c57b1844d310','2017-03-14 10:57:58.281000',NULL,'2017-03-26 19:37:07.812000',NULL,'localhost:8080/app-core',TRUE,NULL)
COMMIT
DELETE FROM SYS_SERVER WHERE ID='b00fff4f-093b-e45f-f244-c57b1844d310'
INSERT INTO SYS_SERVER VALUES('b00fff4f-093b-e45f-f244-c57b1844d310','2017-03-14 10:57:58.281000',NULL,'2017-03-26 19:38:07.813000',NULL,'localhost:8080/app-core',TRUE,NULL)
COMMIT
DELETE FROM SYS_SERVER WHERE ID='b00fff4f-093b-e45f-f244-c57b1844d310'
INSERT INTO SYS_SERVER VALUES('b00fff4f-093b-e45f-f244-c57b1844d310','2017-03-14 10:57:58.281000',NULL,'2017-03-26 19:39:07.813000',NULL,'localhost:8080/app-core',TRUE,NULL)
COMMIT
DELETE FROM SYS_SERVER WHERE ID='b00fff4f-093b-e45f-f244-c57b1844d310'
INSERT INTO SYS_SERVER VALUES('b00fff4f-093b-e45f-f244-c57b1844d310','2017-03-14 10:57:58.281000',NULL,'2017-03-26 19:40:07.813000',NULL,'localhost:8080/app-core',TRUE,NULL)
COMMIT
DELETE FROM SYS_SERVER WHERE ID='b00fff4f-093b-e45f-f244-c57b1844d310'
INSERT INTO SYS_SERVER VALUES('b00fff4f-093b-e45f-f244-c57b1844d310','2017-03-14 10:57:58.281000',NULL,'2017-03-26 19:41:07.813000',NULL,'localhost:8080/app-core',TRUE,NULL)
COMMIT
DELETE FROM SYS_SERVER WHERE ID='b00fff4f-093b-e45f-f244-c57b1844d310'
INSERT INTO SYS_SERVER VALUES('b00fff4f-093b-e45f-f244-c57b1844d310','2017-03-14 10:57:58.281000',NULL,'2017-03-26 19:42:07.813000',NULL,'localhost:8080/app-core',TRUE,NULL)
COMMIT
DELETE FROM SYS_SERVER WHERE ID='b00fff4f-093b-e45f-f244-c57b1844d310'
INSERT INTO SYS_SERVER VALUES('b00fff4f-093b-e45f-f244-c57b1844d310','2017-03-14 10:57:58.281000',NULL,'2017-03-26 19:43:07.813000',NULL,'localhost:8080/app-core',TRUE,NULL)
COMMIT
DELETE FROM SYS_SERVER WHERE ID='b00fff4f-093b-e45f-f244-c57b1844d310'
INSERT INTO SYS_SERVER VALUES('b00fff4f-093b-e45f-f244-c57b1844d310','2017-03-14 10:57:58.281000',NULL,'2017-03-26 19:44:07.814000',NULL,'localhost:8080/app-core',TRUE,NULL)
COMMIT
DELETE FROM SYS_SERVER WHERE ID='b00fff4f-093b-e45f-f244-c57b1844d310'
INSERT INTO SYS_SERVER VALUES('b00fff4f-093b-e45f-f244-c57b1844d310','2017-03-14 10:57:58.281000',NULL,'2017-03-26 19:45:07.814000',NULL,'localhost:8080/app-core',TRUE,NULL)
COMMIT
DELETE FROM SYS_SERVER WHERE ID='b00fff4f-093b-e45f-f244-c57b1844d310'
INSERT INTO SYS_SERVER VALUES('b00fff4f-093b-e45f-f244-c57b1844d310','2017-03-14 10:57:58.281000',NULL,'2017-03-26 19:46:07.813000',NULL,'localhost:8080/app-core',TRUE,NULL)
COMMIT
DELETE FROM SYS_SERVER WHERE ID='b00fff4f-093b-e45f-f244-c57b1844d310'
INSERT INTO SYS_SERVER VALUES('b00fff4f-093b-e45f-f244-c57b1844d310','2017-03-14 10:57:58.281000',NULL,'2017-03-26 19:47:07.813000',NULL,'localhost:8080/app-core',TRUE,NULL)
COMMIT
DELETE FROM SYS_SERVER WHERE ID='b00fff4f-093b-e45f-f244-c57b1844d310'
INSERT INTO SYS_SERVER VALUES('b00fff4f-093b-e45f-f244-c57b1844d310','2017-03-14 10:57:58.281000',NULL,'2017-03-26 19:47:56.050000',NULL,'localhost:8080/app-core',FALSE,NULL)
COMMIT
DISCONNECT
/*C62*/SET SCHEMA PUBLIC
DISCONNECT
/*C63*/SET SCHEMA PUBLIC
DISCONNECT
/*C64*/SET SCHEMA PUBLIC
DISCONNECT
/*C65*/SET SCHEMA PUBLIC
DISCONNECT
/*C67*/SET SCHEMA PUBLIC
DISCONNECT
/*C66*/SET SCHEMA PUBLIC
DISCONNECT
/*C68*/SET SCHEMA PUBLIC
DISCONNECT
/*C69*/SET SCHEMA PUBLIC
DISCONNECT
/*C70*/SET SCHEMA PUBLIC
DISCONNECT
/*C72*/SET SCHEMA PUBLIC
DELETE FROM SYS_SERVER WHERE ID='b00fff4f-093b-e45f-f244-c57b1844d310'
INSERT INTO SYS_SERVER VALUES('b00fff4f-093b-e45f-f244-c57b1844d310','2017-03-14 10:57:58.281000',NULL,'2017-03-26 19:58:23.097000',NULL,'localhost:8080/app-core',TRUE,NULL)
COMMIT
/*C71*/SET SCHEMA PUBLIC
DELETE FROM SYS_SERVER WHERE ID='b00fff4f-093b-e45f-f244-c57b1844d310'
INSERT INTO SYS_SERVER VALUES('b00fff4f-093b-e45f-f244-c57b1844d310','2017-03-14 10:57:58.281000',NULL,'2017-03-26 19:59:22.936000',NULL,'localhost:8080/app-core',TRUE,NULL)
COMMIT
DELETE FROM SYS_SERVER WHERE ID='b00fff4f-093b-e45f-f244-c57b1844d310'
INSERT INTO SYS_SERVER VALUES('b00fff4f-093b-e45f-f244-c57b1844d310','2017-03-14 10:57:58.281000',NULL,'2017-03-26 20:00:22.936000',NULL,'localhost:8080/app-core',TRUE,NULL)
COMMIT
DELETE FROM SYS_SERVER WHERE ID='b00fff4f-093b-e45f-f244-c57b1844d310'
INSERT INTO SYS_SERVER VALUES('b00fff4f-093b-e45f-f244-c57b1844d310','2017-03-14 10:57:58.281000',NULL,'2017-03-26 20:01:22.936000',NULL,'localhost:8080/app-core',TRUE,NULL)
COMMIT
DELETE FROM SYS_SERVER WHERE ID='b00fff4f-093b-e45f-f244-c57b1844d310'
INSERT INTO SYS_SERVER VALUES('b00fff4f-093b-e45f-f244-c57b1844d310','2017-03-14 10:57:58.281000',NULL,'2017-03-26 20:02:22.937000',NULL,'localhost:8080/app-core',TRUE,NULL)
COMMIT
DELETE FROM SYS_SERVER WHERE ID='b00fff4f-093b-e45f-f244-c57b1844d310'
INSERT INTO SYS_SERVER VALUES('b00fff4f-093b-e45f-f244-c57b1844d310','2017-03-14 10:57:58.281000',NULL,'2017-03-26 20:03:22.936000',NULL,'localhost:8080/app-core',TRUE,NULL)
COMMIT
DELETE FROM SYS_SERVER WHERE ID='b00fff4f-093b-e45f-f244-c57b1844d310'
INSERT INTO SYS_SERVER VALUES('b00fff4f-093b-e45f-f244-c57b1844d310','2017-03-14 10:57:58.281000',NULL,'2017-03-26 20:04:22.936000',NULL,'localhost:8080/app-core',TRUE,NULL)
COMMIT
DELETE FROM SYS_SERVER WHERE ID='b00fff4f-093b-e45f-f244-c57b1844d310'
INSERT INTO SYS_SERVER VALUES('b00fff4f-093b-e45f-f244-c57b1844d310','2017-03-14 10:57:58.281000',NULL,'2017-03-26 20:05:22.937000',NULL,'localhost:8080/app-core',TRUE,NULL)
COMMIT
/*C73*/SET SCHEMA PUBLIC
DISCONNECT
/*C74*/SET SCHEMA PUBLIC
DISCONNECT
/*C75*/SET SCHEMA PUBLIC
DISCONNECT
/*C76*/SET SCHEMA PUBLIC
DISCONNECT
/*C78*/SET SCHEMA PUBLIC
DISCONNECT
/*C77*/SET SCHEMA PUBLIC
DISCONNECT
/*C79*/SET SCHEMA PUBLIC
DISCONNECT
/*C80*/SET SCHEMA PUBLIC
DISCONNECT
/*C71*/DELETE FROM SYS_SERVER WHERE ID='b00fff4f-093b-e45f-f244-c57b1844d310'
INSERT INTO SYS_SERVER VALUES('b00fff4f-093b-e45f-f244-c57b1844d310','2017-03-14 10:57:58.281000',NULL,'2017-03-26 20:06:18.416000',NULL,'localhost:8080/app-core',FALSE,NULL)
COMMIT
/*C72*/DISCONNECT
/*C71*/DISCONNECT
/*C81*/SET SCHEMA PUBLIC
DISCONNECT
/*C82*/SET SCHEMA PUBLIC
DELETE FROM SYS_SERVER WHERE ID='b00fff4f-093b-e45f-f244-c57b1844d310'
INSERT INTO SYS_SERVER VALUES('b00fff4f-093b-e45f-f244-c57b1844d310','2017-03-14 10:57:58.281000',NULL,'2017-03-26 20:07:26.570000',NULL,'localhost:8080/app-core',TRUE,NULL)
COMMIT
DELETE FROM SYS_SERVER WHERE ID='b00fff4f-093b-e45f-f244-c57b1844d310'
INSERT INTO SYS_SERVER VALUES('b00fff4f-093b-e45f-f244-c57b1844d310','2017-03-14 10:57:58.281000',NULL,'2017-03-26 20:08:26.564000',NULL,'localhost:8080/app-core',TRUE,NULL)
COMMIT
DELETE FROM SYS_SERVER WHERE ID='b00fff4f-093b-e45f-f244-c57b1844d310'
INSERT INTO SYS_SERVER VALUES('b00fff4f-093b-e45f-f244-c57b1844d310','2017-03-14 10:57:58.281000',NULL,'2017-03-26 20:09:26.563000',NULL,'localhost:8080/app-core',TRUE,NULL)
COMMIT
/*C83*/SET SCHEMA PUBLIC
DISCONNECT
/*C84*/SET SCHEMA PUBLIC
DISCONNECT
/*C85*/SET SCHEMA PUBLIC
DISCONNECT
/*C86*/SET SCHEMA PUBLIC
DISCONNECT
/*C88*/SET SCHEMA PUBLIC
DISCONNECT
/*C87*/SET SCHEMA PUBLIC
DISCONNECT
/*C89*/SET SCHEMA PUBLIC
DISCONNECT
/*C90*/SET SCHEMA PUBLIC
DISCONNECT
/*C82*/DELETE FROM SYS_SERVER WHERE ID='b00fff4f-093b-e45f-f244-c57b1844d310'
INSERT INTO SYS_SERVER VALUES('b00fff4f-093b-e45f-f244-c57b1844d310','2017-03-14 10:57:58.281000',NULL,'2017-03-26 20:09:39.712000',NULL,'localhost:8080/app-core',FALSE,NULL)
COMMIT
DISCONNECT
/*C91*/SET SCHEMA PUBLIC
DISCONNECT
/*C92*/SET SCHEMA PUBLIC
DISCONNECT
/*C93*/SET SCHEMA PUBLIC
DISCONNECT
/*C94*/SET SCHEMA PUBLIC
DISCONNECT
/*C96*/SET SCHEMA PUBLIC
DISCONNECT
/*C95*/SET SCHEMA PUBLIC
DISCONNECT
/*C97*/SET SCHEMA PUBLIC
DISCONNECT
/*C98*/SET SCHEMA PUBLIC
DISCONNECT
/*C99*/SET SCHEMA PUBLIC
DISCONNECT
/*C100*/SET SCHEMA PUBLIC
DELETE FROM SYS_SERVER WHERE ID='b00fff4f-093b-e45f-f244-c57b1844d310'
INSERT INTO SYS_SERVER VALUES('b00fff4f-093b-e45f-f244-c57b1844d310','2017-03-14 10:57:58.281000',NULL,'2017-03-26 20:10:49.715000',NULL,'localhost:8080/app-core',TRUE,NULL)
COMMIT
/*C101*/SET SCHEMA PUBLIC
DISCONNECT
/*C102*/SET SCHEMA PUBLIC
DISCONNECT
/*C103*/SET SCHEMA PUBLIC
DISCONNECT
/*C104*/SET SCHEMA PUBLIC
DISCONNECT
/*C106*/SET SCHEMA PUBLIC
DISCONNECT
/*C105*/SET SCHEMA PUBLIC
DISCONNECT
/*C107*/SET SCHEMA PUBLIC
DISCONNECT
/*C108*/SET SCHEMA PUBLIC
DISCONNECT
/*C100*/DELETE FROM SYS_SERVER WHERE ID='b00fff4f-093b-e45f-f244-c57b1844d310'
INSERT INTO SYS_SERVER VALUES('b00fff4f-093b-e45f-f244-c57b1844d310','2017-03-14 10:57:58.281000',NULL,'2017-03-26 20:11:41.696000',NULL,'localhost:8080/app-core',FALSE,NULL)
COMMIT
DISCONNECT
/*C109*/SET SCHEMA PUBLIC
DISCONNECT
/*C110*/SET SCHEMA PUBLIC
DELETE FROM SYS_SERVER WHERE ID='b00fff4f-093b-e45f-f244-c57b1844d310'
INSERT INTO SYS_SERVER VALUES('b00fff4f-093b-e45f-f244-c57b1844d310','2017-03-14 10:57:58.281000',NULL,'2017-03-26 20:12:50.480000',NULL,'localhost:8080/app-core',TRUE,NULL)
COMMIT
